Movie created: 2023-02-11 , 08:26:15.427721400
Movie: Home Alone, Chris Columbus, 1990-11-16 , 611250a2-e973-469d-9738-7b1b7e38144c
Movie created: 2023-02-11 , 08:26:15.431058300
Movie: Jurassic Park, Steven Spielberg, 1993-06-11 , ebd937a2-7e16-4419-b1e2-6ef08ec14b70
Movie created: 2023-02-11 , 08:26:15.440130200
Movie: Memento, Christopher Nolan, 2000-10-11 , d14213a9-0f68-4914-bbd3-44da57701dd2
Movie created: 2023-02-11 , 08:26:15.440870300
Movie: Inception, Christopher Nolan, 2010-07-15 , 1d7f1733-7559-4412-ba9b-d1ca4a8b0761
Movie created: 2023-02-11 , 08:26:15.441261
Movie: Interstellar, Christopher Nolan, 2014-11-05 , 9506289c-6e24-49b6-83de-b32361948273
Movie created: 2023-02-11 , 08:26:15.441760300
Movie: Rouge One, Gareth Edwards, 2016-12-16 , 6efd1ac2-c225-4f7b-a9fe-4f0fea45b59f
Movie created: 2023-02-11 , 08:26:15.442188300
Movie: Contact, Robert Zemeckis, 1997-07-11 , e5bdae82-9545-4a50-97f6-aa0790707f09
Movie created: 2023-02-11 , 08:26:15.442188300
Movie: Jurassic Park, Steven Spielberg, 1993-06-11 , 2e799c85-4387-4ff6-a9dd-fd273efd9741
Movie created: 2023-02-11 , 08:26:15.443002
Movie: The Hitchhiker's Guide to the Galaxy, Garth Jennings, 2005-04-28 , 39ee25cb-26a4-4938-8d2a-8b041789c081
Movie created: 2023-02-11 , 08:26:15.443002
Movie: Star Wars, George Lucas, 1977-05-25 , 6286b26c-06b8-4f3b-861d-bb1e01ea0fcb
Movie created: 2023-02-11 , 08:26:15.443507500
Movie: Star Trek, J.J. Abrams, 2009-05-06 , 11dac8be-ad07-470e-8283-0e279144fe5e
Movie created: 2023-02-11 , 08:26:15.443960900
Movie: Star Trek Into Darkness, J.J. Abrams, 2013-05-05 , a952d97e-0935-4b22-b246-a3790cce671e
Movie created: 2023-02-11 , 08:26:15.445092500
Movie: Forrest Gump, Robert Zemeckis, 1994-07-06 , bc6777ac-e5e3-42c1-82fa-4f27a8ab7b8f
Movie created: 2023-02-11 , 08:26:15.445593800
Movie: Cast Away, Robert Zemeckis, 2000-12-22 , 6c0c0d4c-2914-4ec2-ae3f-1884c4dde5b1
Movie created: 2023-02-11 , 08:26:15.446092800
Movie: The Fifth Element, Luc Besson, 1997-05-02 , f399f309-8b12-4a62-8edb-60fdb2d8b615
Movie created: 2023-02-11 , 08:26:15.446667300
Movie: Close Encounters of the Third Kind, Steven Spielberg, 1977-11-18 , 66cd8029-a691-456c-8731-7fb139246f20
Movie created: 2023-02-11 , 08:26:15.449283400
Movie: Star Wars, George Lucas, 1977-05-25 , 6440931c-6229-461a-a2fa-8d544dbe8685
Movie created: 2023-02-11 , 08:26:15.449283400
Movie: Jurassic Park, Steven Spielberg, 1993-06-11 , 9677eb2f-1b5b-418b-9634-f7453d2d4220
Movie created: 2023-02-11 , 08:26:15.450830800
Movie: The Hitchhiker's Guide to the Galaxy, Garth Jennings, 2005-04-28 , 92517863-6464-42be-89bd-ba3ff29148b0
Movie created: 2023-02-11 , 08:26:15.450830800
Movie: Finding Nemo, Andrew Stanton, 2003-05-30 , 957bf091-543b-448f-9535-048645014a46
Movie created: 2023-02-11 , 08:26:15.451851400
Movie: WALL路E, Andrew Stanton, 2008-06-22 , bddb958e-2bcf-486b-90e7-892ceec2e5e2
Movie created: 2023-02-11 , 08:26:15.451851400
Movie: Coco, Lee Unkrich, 2017-10-27 , 57a27c79-4a8f-4d53-80ef-e29a70f27dfe
Movie created: 2023-02-11 , 08:26:15.451851400
Movie: Toy Story 3, Lee Unkrich, 2010-06-16 , 3ffc2abb-8479-4200-9c61-5c82149781b8
Movie created: 2023-02-11 , 08:26:15.453030100
Movie: The Polar Express, Robert Zemeckis, 2004-11-10 , 689c2aed-85f8-4bbc-89c8-8ee333c802f8
Movie created: 2023-02-11 , 08:26:15.453248400
Movie: Shrek, Andrew Adamson, 2001-05-18 , d7709699-3434-4763-91f8-e0cb0ea8cd29
Movie created: 2023-02-11 , 08:26:15.453248400
Movie: Home Alone, Chris Columbus, 1990-11-16 , 8ed0781f-deb0-4ec6-89de-68117d2caf21
Movie created: 2023-02-11 , 08:26:15.454553300
Movie: Back to the Future Part III, Robert Zemeckis, 1990-05-25 , 725e497d-c603-4f7c-87b4-cde3424b07a4
Movie created: 2023-02-11 , 08:26:15.454775400
Movie: Back to the Future, Robert Zemeckis, 1985-07-03 , 7ae612d1-63c6-45ee-8d75-6c0db97e662f
Movie created: 2023-02-11 , 08:26:15.454775400
Movie: Back to the Future Part II, Robert Zemeckis, 1989-11-22 , e1b32cba-6be9-4bb3-b1a6-9aebe63328a4
Movie created: 2023-02-11 , 08:26:15.455989500
Movie: Who Framed Roger Rabbit, Robert Zemeckis, 1988-06-21 , 606bf258-62e5-4744-91d1-b3272b3f784e
Movie created: 2023-02-11 , 08:26:15.455989500
Movie: The Lord of the Rings: The Fellowship of the Ring, Peter Jackson, 2001-12-18 , 9f440bee-a468-48fc-927e-a8bd324073fd
Movie created: 2023-02-11 , 08:26:15.455989500
Movie: The Lord of the Rings: The Two Towers, Peter Jackson, 2002-12-18 , 1fba7d5e-a5bf-454f-9e00-ad75a9c5dd55
Movie created: 2023-02-11 , 08:26:15.457019900
Movie: The Lord of the Rings: The Return of the King, Peter Jackson, 2003-12-01 , ed1a537c-6041-4354-827f-a11584b8f815
Movie created: 2023-02-11 , 08:26:15.458529200
Movie: Rouge One, Gareth Edwards, 2016-12-16 , be4b8429-3393-44d6-a533-d8513625a98f
Movie created: 2023-02-11 , 08:26:15.458529200
Movie: The Hitchhiker's Guide to the Galaxy, Garth Jennings, 2005-04-28 , c72d2e53-68e5-4df0-bcf7-5ba0ce4ea185
Movie created: 2023-02-11 , 08:26:15.459322800
Movie: Star Trek, J.J. Abrams, 2009-05-06 , 1c2d7af9-db71-4cd7-b70c-8dfc0a93d576
Movie created: 2023-02-11 , 08:26:15.459322800
Movie: Star Trek II: The Wrath of Khan, Nicholas Meyer, 1982-06-04 , 2d213e2f-a717-4765-b78e-85005b04fd1b
Movie created: 2023-02-11 , 08:26:15.460399
Movie: Star Trek Into Darkness, J.J. Abrams, 2013-05-05 , e829374d-a9fe-4f72-abb2-830197d63587
Movie created: 2023-02-11 , 08:26:15.460902100
Movie: The Lord of the Rings: The Return of the King, Peter Jackson, 2003-12-01 , 5d29be6a-970b-4a4b-91bd-e8e961104adf
Movie created: 2023-02-11 , 08:26:15.460902100
Movie: The Lord of the Rings: The Two Towers, Peter Jackson, 2002-12-18 , 9fa5b825-aeaf-4050-b307-be2c75b660bf
Movie created: 2023-02-11 , 08:26:15.461485900
Movie: The Lord of the Rings: The Fellowship of the Ring, Peter Jackson, 2001-12-18 , 34db5138-c6c9-4b92-acdf-30123e177864
Movie created: 2023-02-11 , 08:26:15.461746500
Movie: Memento, Christopher Nolan, 2000-10-11 , 0fd9a691-4f92-444c-ad6c-2bf6d80763e8
Movie created: 2023-02-11 , 08:26:15.461746500
Movie: Inception, Christopher Nolan, 2010-07-15 , 2c1b385c-1471-490a-a1df-e1d473649eb1
Movie created: 2023-02-11 , 08:26:15.463950400
Movie: Rouge One, Gareth Edwards, 2016-12-16 , 743b3370-f5b7-44a3-9e2f-e4cbb1d658aa
Movie created: 2023-02-11 , 08:26:15.465088100
Movie: Star Wars, George Lucas, 1977-05-25 , 7106a848-01e6-4f7f-8be8-d3fe0e7480b1
Movie created: 2023-02-11 , 08:26:15.465784100
Movie: Back to the Future, Robert Zemeckis, 1985-07-03 , bca77286-53df-421f-9126-9947f202808f
Movie created: 2023-02-11 , 08:26:15.465784100
Movie: Back to the Future Part II, Robert Zemeckis, 1989-11-22 , d9b4edaa-ae47-48ad-b3fd-2ce2a19d3017
Movie created: 2023-02-11 , 08:26:15.466343100
Movie: Back to the Future Part III, Robert Zemeckis, 1990-05-25 , bf7be322-84d0-4bb4-be15-1a38dc148d47
Movie created: 2023-02-11 , 08:26:15.467269500
Movie: The Fifth Element, Luc Besson, 1997-05-02 , f65f34a6-225b-4092-a17b-b7ab42edb420
Movie created: 2023-02-11 , 08:26:15.467960800
Movie: The Lord of the Rings: The Fellowship of the Ring, Peter Jackson, 2001-12-18 , 10be2f47-7751-4d91-9e07-53603d6730bc
Movie created: 2023-02-11 , 08:26:15.467960800
Movie: The Lord of the Rings: The Two Towers, Peter Jackson, 2002-12-18 , abd6083d-bcf6-406d-b7fd-d5610030fd1b
Movie created: 2023-02-11 , 08:26:15.468462300
Movie: The Lord of the Rings: The Return of the King, Peter Jackson, 2003-12-01 , 3a3ec388-ae52-4501-96e2-37f4208eafdc
Movie created: 2023-02-11 , 08:26:15.468862500
Movie: Close Encounters of the Third Kind, Steven Spielberg, 1977-11-18 , 4ab79168-8e6f-4b25-9733-c8f2c0af673f
Movie created: 2023-02-11 , 08:26:15.469126900
Movie: Star Trek Into Darkness, J.J. Abrams, 2013-05-05 , b815bf44-fb8e-41eb-a258-7d68db41355b
Movie created: 2023-02-11 , 08:26:15.470710100
Movie: Jurassic Park, Steven Spielberg, 1993-06-11 , cc6e7b3d-4705-40a0-8faf-85fb13cb1710
Movie created: 2023-02-11 , 08:26:15.473352500
Movie: The Hitchhiker's Guide to the Galaxy, Garth Jennings, 2005-04-28 , 06bdc6cb-0a83-42cd-8682-3187cb5e2f9a
Movie created: 2023-02-11 , 08:26:15.475613300
Movie: Home Alone, Chris Columbus, 1990-11-16 , ce8f9363-6d4b-4c98-8630-00d4695c5a19
Movie created: 2023-02-11 , 08:31:29.396763
Movie: Home Alone, Chris Columbus, 1990-11-16 , bdcc7e65-14dc-4d8c-8f72-f75231655253
Movie created: 2023-02-11 , 08:31:29.400685500
Movie: Jurassic Park, Steven Spielberg, 1993-06-11 , a0fe6402-a04f-418f-adce-55f717ca6e2d
Movie created: 2023-02-11 , 08:31:29.418588900
Movie: Memento, Christopher Nolan, 2000-10-11 , 76a2ceaf-bdb7-4479-b090-c0f0cfecc7cd
Movie created: 2023-02-11 , 08:31:29.419818
Movie: Inception, Christopher Nolan, 2010-07-15 , 9a7a21ca-4baf-4513-a8d0-76806a8d1a19
Movie created: 2023-02-11 , 08:31:29.419818
Movie: Interstellar, Christopher Nolan, 2014-11-05 , 8e7660ee-7ca1-4653-ad36-a9b224879f01
Movie created: 2023-02-11 , 08:31:29.420613500
Movie: Rouge One, Gareth Edwards, 2016-12-16 , 2e345964-223a-4e0c-9a84-db5a276d1f6e
Movie created: 2023-02-11 , 08:31:29.420978300
Movie: Contact, Robert Zemeckis, 1997-07-11 , c3fd724e-a121-41ac-8a97-5361b9f3002b
Movie created: 2023-02-11 , 08:31:29.420978300
Movie: Jurassic Park, Steven Spielberg, 1993-06-11 , cf9110ab-66b9-4df4-a05e-304a14d45d18
Movie created: 2023-02-11 , 08:31:29.420978300
Movie: The Hitchhiker's Guide to the Galaxy, Garth Jennings, 2005-04-28 , f8096e2a-ba57-4f29-a939-3bfa8b1d8d64
Movie created: 2023-02-11 , 08:31:29.422195200
Movie: Star Wars, George Lucas, 1977-05-25 , 798eb1ec-6fa3-4ebe-a8d6-a8fd4e098bad
Movie created: 2023-02-11 , 08:31:29.422588600
Movie: Star Trek, J.J. Abrams, 2009-05-06 , e5c06bdb-68cf-409e-b650-af1218ba57aa
Movie created: 2023-02-11 , 08:31:29.423015300
Movie: Star Trek Into Darkness, J.J. Abrams, 2013-05-05 , e0068b69-0f91-404e-a85d-d0cf87968b60
Movie created: 2023-02-11 , 08:31:29.423788400
Movie: Forrest Gump, Robert Zemeckis, 1994-07-06 , f1e21347-8c37-40ba-87d2-77b0f28ac0c8
Movie created: 2023-02-11 , 08:31:29.424494400
Movie: Cast Away, Robert Zemeckis, 2000-12-22 , 970c2b2c-7f87-4655-8b79-7c1f75c29b37
Movie created: 2023-02-11 , 08:31:29.424494400
Movie: The Fifth Element, Luc Besson, 1997-05-02 , 8259e989-e07f-476d-919b-f5186d69117d
Movie created: 2023-02-11 , 08:31:29.425529400
Movie: Close Encounters of the Third Kind, Steven Spielberg, 1977-11-18 , b02ace4e-c3ae-443a-9bfc-cc3c52950c9c
Movie created: 2023-02-11 , 08:31:29.427907600
Movie: Star Wars, George Lucas, 1977-05-25 , f6a58ab4-84ec-4102-9cbf-b39afbc12b54
Movie created: 2023-02-11 , 08:31:29.427907600
Movie: Jurassic Park, Steven Spielberg, 1993-06-11 , 2f9aeedc-8a34-4257-8951-c944ce8f74a8
Movie created: 2023-02-11 , 08:31:29.428907
Movie: The Hitchhiker's Guide to the Galaxy, Garth Jennings, 2005-04-28 , fd8b1192-6094-4e72-9479-e51b078cdc12
Movie created: 2023-02-11 , 08:31:29.429525500
Movie: Finding Nemo, Andrew Stanton, 2003-05-30 , 2ddc42e4-3c60-4eeb-855d-7218bde61518
Movie created: 2023-02-11 , 08:31:29.429525500
Movie: WALL路E, Andrew Stanton, 2008-06-22 , 7a012b5f-1701-4c9b-a303-770894f4d475
Movie created: 2023-02-11 , 08:31:29.429525500
Movie: Coco, Lee Unkrich, 2017-10-27 , 5aae2f8c-45ae-40d0-8d95-0384c009e5af
Movie created: 2023-02-11 , 08:31:29.429525500
Movie: Toy Story 3, Lee Unkrich, 2010-06-16 , 6b3085cd-8c51-466f-80cd-3b81dec387b8
Movie created: 2023-02-11 , 08:31:29.431207
Movie: The Polar Express, Robert Zemeckis, 2004-11-10 , abd69a93-4f4a-442c-a510-bc1b38fbf67d
Movie created: 2023-02-11 , 08:31:29.431207
Movie: Shrek, Andrew Adamson, 2001-05-18 , ee363c49-bcde-48ab-9095-be141fad4636
Movie created: 2023-02-11 , 08:31:29.432461800
Movie: Home Alone, Chris Columbus, 1990-11-16 , 4d1d4530-6f8a-4af9-9daf-e431e53ac01b
Movie created: 2023-02-11 , 08:31:29.433584800
Movie: Back to the Future Part III, Robert Zemeckis, 1990-05-25 , 48e77125-78e5-4483-a51f-e5529c034446
Movie created: 2023-02-11 , 08:31:29.434457300
Movie: Back to the Future, Robert Zemeckis, 1985-07-03 , 042228ec-7f4f-4f91-a7b2-e9d0584b7681
Movie created: 2023-02-11 , 08:31:29.434457300
Movie: Back to the Future Part II, Robert Zemeckis, 1989-11-22 , 3a683783-d3d2-4efc-a896-39e3984a0a09
Movie created: 2023-02-11 , 08:31:29.436194100
Movie: Who Framed Roger Rabbit, Robert Zemeckis, 1988-06-21 , d7efacc0-0490-4b64-9d91-6847a10d5a51
Movie created: 2023-02-11 , 08:31:29.436194100
Movie: The Lord of the Rings: The Fellowship of the Ring, Peter Jackson, 2001-12-18 , 7d289cca-230d-4e8c-81df-47789d3a3a74
Movie created: 2023-02-11 , 08:31:29.436753500
Movie: The Lord of the Rings: The Two Towers, Peter Jackson, 2002-12-18 , fffa0e23-5d89-4777-945a-77ecadb451ea
Movie created: 2023-02-11 , 08:31:29.437045400
Movie: The Lord of the Rings: The Return of the King, Peter Jackson, 2003-12-01 , 689bf258-3c2e-4ac6-a5bc-daa7208c1571
Movie created: 2023-02-11 , 08:31:29.441700700
Movie: Rouge One, Gareth Edwards, 2016-12-16 , cad63c79-e0b3-45ec-9f35-2a72182f1258
Movie created: 2023-02-11 , 08:31:29.441700700
Movie: The Hitchhiker's Guide to the Galaxy, Garth Jennings, 2005-04-28 , e609b914-aa0d-495e-83f8-bbdb515c97cd
Movie created: 2023-02-11 , 08:31:29.443218800
Movie: Star Trek, J.J. Abrams, 2009-05-06 , dcf0bda2-b21a-48cc-b6e9-59a00c9a5e71
Movie created: 2023-02-11 , 08:31:29.444212700
Movie: Star Trek II: The Wrath of Khan, Nicholas Meyer, 1982-06-04 , c97972b7-0204-45c1-870b-48b3250fec57
Movie created: 2023-02-11 , 08:31:29.444457400
Movie: Star Trek Into Darkness, J.J. Abrams, 2013-05-05 , 6501a93e-e7c8-4409-91c7-7fe64efd055a
Movie created: 2023-02-11 , 08:31:29.444457400
Movie: The Lord of the Rings: The Return of the King, Peter Jackson, 2003-12-01 , 5086c9b9-6f08-4f23-adab-e4b164a6c415
Movie created: 2023-02-11 , 08:31:29.444457400
Movie: The Lord of the Rings: The Two Towers, Peter Jackson, 2002-12-18 , 6380d28e-3618-483e-ace1-2e56551318b3
Movie created: 2023-02-11 , 08:31:29.444457400
Movie: The Lord of the Rings: The Fellowship of the Ring, Peter Jackson, 2001-12-18 , 038b56ee-0e17-4bce-b81c-04b9f241ddec
Movie created: 2023-02-11 , 08:31:29.445508400
Movie: Memento, Christopher Nolan, 2000-10-11 , 84c3056f-9398-4afc-b45b-96adc2435671
Movie created: 2023-02-11 , 08:31:29.445508400
Movie: Inception, Christopher Nolan, 2010-07-15 , cf72d253-931c-4959-b58d-2e924ab5207c
Movie created: 2023-02-11 , 08:31:29.448347700
Movie: Rouge One, Gareth Edwards, 2016-12-16 , 0ff97b08-b2da-4a25-b776-005248510bdd
Movie created: 2023-02-11 , 08:31:29.449764100
Movie: Star Wars, George Lucas, 1977-05-25 , 291a7479-19fb-4015-ad6f-1b1f799eb004
Movie created: 2023-02-11 , 08:31:29.450627300
Movie: Back to the Future, Robert Zemeckis, 1985-07-03 , 2aba62ff-308c-4a90-9be3-adcbdc95ba08
Movie created: 2023-02-11 , 08:31:29.451792200
Movie: Back to the Future Part II, Robert Zemeckis, 1989-11-22 , b24aa4ed-49a7-4b11-bdd6-933acfd25549
Movie created: 2023-02-11 , 08:31:29.453783200
Movie: Back to the Future Part III, Robert Zemeckis, 1990-05-25 , c91b50dd-c7bf-4a82-a1ea-19efbdd97aca
Movie created: 2023-02-11 , 08:31:29.455796500
Movie: The Fifth Element, Luc Besson, 1997-05-02 , 4733643a-8daa-4c28-9f5b-e4b65c241655
Movie created: 2023-02-11 , 08:31:29.456392100
Movie: The Lord of the Rings: The Fellowship of the Ring, Peter Jackson, 2001-12-18 , dc3a42a4-c614-4ed5-acb2-1e68b9c2655e
Movie created: 2023-02-11 , 08:31:29.456590700
Movie: The Lord of the Rings: The Two Towers, Peter Jackson, 2002-12-18 , 98e5ba99-b3ae-48e3-b9b1-8554139be153
Movie created: 2023-02-11 , 08:31:29.456590700
Movie: The Lord of the Rings: The Return of the King, Peter Jackson, 2003-12-01 , da7989cb-24eb-4fc2-8f3f-077ab6ad7818
Movie created: 2023-02-11 , 08:31:29.457261400
Movie: Close Encounters of the Third Kind, Steven Spielberg, 1977-11-18 , deda4800-5177-45d3-89e1-238c126d0182
Movie created: 2023-02-11 , 08:31:29.458246800
Movie: Star Trek Into Darkness, J.J. Abrams, 2013-05-05 , 7b78caa3-5e8d-411c-9f77-dfc7bfc429c4
Movie created: 2023-02-11 , 08:31:29.459971400
Movie: Jurassic Park, Steven Spielberg, 1993-06-11 , f2c10232-b9a5-47c4-aba7-99f8c1310d53
Movie created: 2023-02-11 , 08:31:29.461893500
Movie: The Hitchhiker's Guide to the Galaxy, Garth Jennings, 2005-04-28 , 38e897e8-d93c-4621-8b08-d9bfc32e0e53
Movie created: 2023-02-11 , 08:31:29.463866600
Movie: Home Alone, Chris Columbus, 1990-11-16 , e7ffa7ee-501f-44dd-a4a3-cf17ef11cbaa
Movie created: 2023-02-11 , 08:33:58.880576800
Movie: Home Alone, Chris Columbus, 1990-11-16 , 2b9ef2f6-d719-4cd0-9895-98eb57b610a4
Movie created: 2023-02-11 , 08:33:58.882662200
Movie: Jurassic Park, Steven Spielberg, 1993-06-11 , 73c242c2-da70-4f4a-81b5-e4bf964c357d
Movie created: 2023-02-11 , 08:33:58.899348100
Movie: Memento, Christopher Nolan, 2000-10-11 , 336608f2-7804-4c17-81f3-9a148ab6f148
Movie created: 2023-02-11 , 08:33:58.900351100
Movie: Inception, Christopher Nolan, 2010-07-15 , b5cf9106-112a-465d-8114-c9a508c52817
Movie created: 2023-02-11 , 08:33:58.902035
Movie: Interstellar, Christopher Nolan, 2014-11-05 , f1a2859b-5620-4a08-9a38-6f8295dcc06f
Movie created: 2023-02-11 , 08:33:58.902534
Movie: Rouge One, Gareth Edwards, 2016-12-16 , e5e9cb08-e14f-42e4-ba34-8c157d43867b
Movie created: 2023-02-11 , 08:33:58.902534
Movie: Contact, Robert Zemeckis, 1997-07-11 , 6e7a5b3e-0647-461c-94ed-94100fdaefa8
Movie created: 2023-02-11 , 08:33:58.903034
Movie: Jurassic Park, Steven Spielberg, 1993-06-11 , d9d3e67d-eaba-4cfc-99b4-f78e1f9cf198
Movie created: 2023-02-11 , 08:33:58.903537300
Movie: The Hitchhiker's Guide to the Galaxy, Garth Jennings, 2005-04-28 , 2be42410-9f48-4446-8a51-1cd2d314ea83
Movie created: 2023-02-11 , 08:33:58.904501200
Movie: Star Wars, George Lucas, 1977-05-25 , 401ce041-e613-463d-b488-40abbe9ad021
Movie created: 2023-02-11 , 08:33:58.904772200
Movie: Star Trek, J.J. Abrams, 2009-05-06 , 0b8ed41e-d9f5-4e6a-8319-09509e061825
Movie created: 2023-02-11 , 08:33:58.905225400
Movie: Star Trek Into Darkness, J.J. Abrams, 2013-05-05 , 2e7189c5-634b-4a41-bcca-c8c066a7e15a
Movie created: 2023-02-11 , 08:33:58.906036900
Movie: Forrest Gump, Robert Zemeckis, 1994-07-06 , d1fe5d6a-9b62-4fcc-9266-0d80eeec52f4
Movie created: 2023-02-11 , 08:33:58.906313100
Movie: Cast Away, Robert Zemeckis, 2000-12-22 , 23ae9424-a3cb-4229-a8a2-c64fb786df71
Movie created: 2023-02-11 , 08:33:58.906554800
Movie: The Fifth Element, Luc Besson, 1997-05-02 , ecb28420-657e-4e14-a9f2-9bcae8acd82b
Movie created: 2023-02-11 , 08:33:58.906554800
Movie: Close Encounters of the Third Kind, Steven Spielberg, 1977-11-18 , c9e900f7-c262-4055-9cb8-9dd9cf7cf772
Movie created: 2023-02-11 , 08:33:58.909369300
Movie: Star Wars, George Lucas, 1977-05-25 , cb1acc58-1ce3-43ca-87c9-331a8d99737b
Movie created: 2023-02-11 , 08:33:58.909729200
Movie: Jurassic Park, Steven Spielberg, 1993-06-11 , da9d6f7b-458a-4aa8-a6a9-322a2131af5c
Movie created: 2023-02-11 , 08:33:58.910690
Movie: The Hitchhiker's Guide to the Galaxy, Garth Jennings, 2005-04-28 , 4b6ba50f-2d44-409f-a1b9-52e19d8aa61a
Movie created: 2023-02-11 , 08:33:58.911660700
Movie: Finding Nemo, Andrew Stanton, 2003-05-30 , 2070ae0d-7cc1-460c-adf6-79b025d6861c
Movie created: 2023-02-11 , 08:33:58.911660700
Movie: WALL路E, Andrew Stanton, 2008-06-22 , 6df4ca39-b489-4953-a7e3-3d293f351294
Movie created: 2023-02-11 , 08:33:58.911660700
Movie: Coco, Lee Unkrich, 2017-10-27 , e72a9e73-e20b-4b42-b042-8fbb08f4bf54
Movie created: 2023-02-11 , 08:33:58.911660700
Movie: Toy Story 3, Lee Unkrich, 2010-06-16 , 26762e00-c7d1-417c-a13a-f67fe0125d01
Movie created: 2023-02-11 , 08:33:58.912905200
Movie: The Polar Express, Robert Zemeckis, 2004-11-10 , 78957a35-7a4f-4872-ab67-56f50a47700a
Movie created: 2023-02-11 , 08:33:58.913383900
Movie: Shrek, Andrew Adamson, 2001-05-18 , 17bd30a5-d104-470b-b83c-e0ca879b386b
Movie created: 2023-02-11 , 08:33:58.913383900
Movie: Home Alone, Chris Columbus, 1990-11-16 , ca6c3751-9f1c-47af-845e-c2776d94a77f
Movie created: 2023-02-11 , 08:33:58.914650600
Movie: Back to the Future Part III, Robert Zemeckis, 1990-05-25 , 998361f9-f406-4205-90c1-c4611f0a7cf0
Movie created: 2023-02-11 , 08:33:58.914650600
Movie: Back to the Future, Robert Zemeckis, 1985-07-03 , bbbc6c9d-823e-4090-ac63-a7da81f8139b
Movie created: 2023-02-11 , 08:33:58.914650600
Movie: Back to the Future Part II, Robert Zemeckis, 1989-11-22 , 2b0b3d32-c278-4746-9189-fd135e06024c
Movie created: 2023-02-11 , 08:33:58.916512600
Movie: Who Framed Roger Rabbit, Robert Zemeckis, 1988-06-21 , 8d91c839-36a9-499d-8935-ffc9913c7673
Movie created: 2023-02-11 , 08:33:58.916512600
Movie: The Lord of the Rings: The Fellowship of the Ring, Peter Jackson, 2001-12-18 , 024c25a9-3d7e-414d-b954-f001a7d7becd
Movie created: 2023-02-11 , 08:33:58.917026800
Movie: The Lord of the Rings: The Two Towers, Peter Jackson, 2002-12-18 , 9d57b075-ecac-4c53-ae40-2ab0a12a4f0e
Movie created: 2023-02-11 , 08:33:58.917026800
Movie: The Lord of the Rings: The Return of the King, Peter Jackson, 2003-12-01 , 0198b4b1-aeeb-4271-b085-38c1d5d1e17a
Movie created: 2023-02-11 , 08:33:58.920651900
Movie: Rouge One, Gareth Edwards, 2016-12-16 , c9cc56f8-1052-4b82-961e-f9a569c629ff
Movie created: 2023-02-11 , 08:33:58.921042800
Movie: The Hitchhiker's Guide to the Galaxy, Garth Jennings, 2005-04-28 , 15aa15d4-6fc6-4d4e-9162-7153a0f24ef0
Movie created: 2023-02-11 , 08:33:58.922540500
Movie: Star Trek, J.J. Abrams, 2009-05-06 , 6ff9d9f9-93be-44b3-a95f-077d8ae17310
Movie created: 2023-02-11 , 08:33:58.922540500
Movie: Star Trek II: The Wrath of Khan, Nicholas Meyer, 1982-06-04 , 40ee1ffa-88bc-46cb-aa13-6d162248c6f9
Movie created: 2023-02-11 , 08:33:58.923043500
Movie: Star Trek Into Darkness, J.J. Abrams, 2013-05-05 , 4b93fe24-8250-4be0-af74-39bb8b9e75b4
Movie created: 2023-02-11 , 08:33:58.923836800
Movie: The Lord of the Rings: The Return of the King, Peter Jackson, 2003-12-01 , e24e9fb9-ad36-488a-b04d-f27b3422aecd
Movie created: 2023-02-11 , 08:33:58.924165500
Movie: The Lord of the Rings: The Two Towers, Peter Jackson, 2002-12-18 , c26b9f07-dbc9-4c83-89e2-7b1ef0db5157
Movie created: 2023-02-11 , 08:33:58.924497200
Movie: The Lord of the Rings: The Fellowship of the Ring, Peter Jackson, 2001-12-18 , 7d0ea9a0-e476-49b8-82a1-deadad76e355
Movie created: 2023-02-11 , 08:33:58.924862900
Movie: Memento, Christopher Nolan, 2000-10-11 , 0384b4bd-adc8-4a4e-85ca-eedd9d0a67c8
Movie created: 2023-02-11 , 08:33:58.925125800
Movie: Inception, Christopher Nolan, 2010-07-15 , 587aefd4-d206-4a8c-877b-897f6844b98a
Movie created: 2023-02-11 , 08:33:58.927380700
Movie: Rouge One, Gareth Edwards, 2016-12-16 , eecd915f-384d-4f48-9c22-050b8b7f3b05
Movie created: 2023-02-11 , 08:33:58.928415900
Movie: Star Wars, George Lucas, 1977-05-25 , 4054ca6c-711c-48bb-b288-913124b6d199
Movie created: 2023-02-11 , 08:33:58.929015700
Movie: Back to the Future, Robert Zemeckis, 1985-07-03 , ad103d40-6a61-462b-9176-2f5df6cad23f
Movie created: 2023-02-11 , 08:33:58.929517600
Movie: Back to the Future Part II, Robert Zemeckis, 1989-11-22 , 74daf3a1-55db-4d79-aab9-93f8ed455f8e
Movie created: 2023-02-11 , 08:33:58.929748200
Movie: Back to the Future Part III, Robert Zemeckis, 1990-05-25 , e727b47d-6a96-40d5-9b45-2483b8d4da3a
Movie created: 2023-02-11 , 08:33:58.931348100
Movie: The Fifth Element, Luc Besson, 1997-05-02 , 96802bfb-2624-4bf6-ad51-82d23912f51b
Movie created: 2023-02-11 , 08:33:58.931905900
Movie: The Lord of the Rings: The Fellowship of the Ring, Peter Jackson, 2001-12-18 , 2ceb0353-d667-48e7-92c6-239b4ba2c955
Movie created: 2023-02-11 , 08:33:58.932409200
Movie: The Lord of the Rings: The Two Towers, Peter Jackson, 2002-12-18 , 0c542f11-dac0-4a57-b9e1-80a4c56863c3
Movie created: 2023-02-11 , 08:33:58.933427400
Movie: The Lord of the Rings: The Return of the King, Peter Jackson, 2003-12-01 , 90f6c026-2680-41be-a25e-cb863513b129
Movie created: 2023-02-11 , 08:33:58.933427400
Movie: Close Encounters of the Third Kind, Steven Spielberg, 1977-11-18 , afca8552-1840-434b-8763-6f97a5f97b34
Movie created: 2023-02-11 , 08:33:58.935136700
Movie: Star Trek Into Darkness, J.J. Abrams, 2013-05-05 , 7b6f9db8-4b22-4724-87e6-4e1335ded6a6
Movie created: 2023-02-11 , 08:33:58.935517600
Movie: Jurassic Park, Steven Spielberg, 1993-06-11 , c1b6d134-7163-4f49-bc3f-3c32e57bcda3
Movie created: 2023-02-11 , 08:33:58.938485500
Movie: The Hitchhiker's Guide to the Galaxy, Garth Jennings, 2005-04-28 , 23d02c02-3728-4c58-9c4a-3457d029691a
Movie created: 2023-02-11 , 08:33:58.940562200
Movie: Home Alone, Chris Columbus, 1990-11-16 , 641c4d00-e045-452e-935d-72d3721abf86
Movie created: 2023-02-11 , 08:37:55.329299100
Movie: Home Alone, Chris Columbus, 1990-11-16 , 20b35c5a-41db-4707-97a0-5a2ab56075ad
Movie created: 2023-02-11 , 08:37:55.332357900
Movie: Jurassic Park, Steven Spielberg, 1993-06-11 , 7d3d64f5-adcb-4874-b0e6-3c075024bc1c
Movie created: 2023-02-11 , 08:37:55.343879600
Movie: Memento, Christopher Nolan, 2000-10-11 , 1634fbab-850a-4f52-a117-5bf0aaeb4669
Movie created: 2023-02-11 , 08:37:55.344745200
Movie: Inception, Christopher Nolan, 2010-07-15 , 6871a53e-a890-4e1d-a7b5-f8352ba643f1
Movie created: 2023-02-11 , 08:37:55.346404100
Movie: Interstellar, Christopher Nolan, 2014-11-05 , cdb38317-ad89-4b57-b73f-d4f8718ea034
Movie created: 2023-02-11 , 08:37:55.347038900
Movie: Rouge One, Gareth Edwards, 2016-12-16 , ffb73069-d106-42f2-a498-ef3d0142fd17
Movie created: 2023-02-11 , 08:37:55.347038900
Movie: Contact, Robert Zemeckis, 1997-07-11 , ad4ead5c-932c-4f6e-9b32-66877eb59a58
Movie created: 2023-02-11 , 08:37:55.348050800
Movie: Jurassic Park, Steven Spielberg, 1993-06-11 , 6d02de4b-782d-4965-bbbc-65e9c563c2a1
Movie created: 2023-02-11 , 08:37:55.348778800
Movie: The Hitchhiker's Guide to the Galaxy, Garth Jennings, 2005-04-28 , 470f6129-0c64-4c6a-8726-55a7fd4c4800
Movie created: 2023-02-11 , 08:37:55.349067200
Movie: Star Wars, George Lucas, 1977-05-25 , bd99dfc9-05ce-4785-89e7-424fa89655a7
Movie created: 2023-02-11 , 08:37:55.349067200
Movie: Star Trek, J.J. Abrams, 2009-05-06 , 52761c08-8e4a-483d-9e47-177a6196dcca
Movie created: 2023-02-11 , 08:37:55.349707900
Movie: Star Trek Into Darkness, J.J. Abrams, 2013-05-05 , 0e952bf6-54d6-48f0-ab0a-a757fb36d614
Movie created: 2023-02-11 , 08:37:55.350773500
Movie: Forrest Gump, Robert Zemeckis, 1994-07-06 , 8485ef2d-b41b-43ac-8802-13d7d83d74d5
Movie created: 2023-02-11 , 08:37:55.351078300
Movie: Cast Away, Robert Zemeckis, 2000-12-22 , 52a444ef-c5c2-4c9a-a5bd-34d1bc2c0137
Movie created: 2023-02-11 , 08:37:55.351926
Movie: The Fifth Element, Luc Besson, 1997-05-02 , c7cf534e-b942-424c-ba5f-d438366d5cf2
Movie created: 2023-02-11 , 08:37:55.351926
Movie: Close Encounters of the Third Kind, Steven Spielberg, 1977-11-18 , 3c643d17-8ae0-4e31-967b-fe2055554403
Movie created: 2023-02-11 , 08:37:55.354409700
Movie: Star Wars, George Lucas, 1977-05-25 , d3350c72-c43f-45ea-8e91-b135c83699fa
Movie created: 2023-02-11 , 08:37:55.354409700
Movie: Jurassic Park, Steven Spielberg, 1993-06-11 , 82f8788e-9b18-4ea9-acc8-64b9553ce51f
Movie created: 2023-02-11 , 08:37:55.355409700
Movie: The Hitchhiker's Guide to the Galaxy, Garth Jennings, 2005-04-28 , d048c441-e6b4-4678-9ec0-7a2734d3d4a0
Movie created: 2023-02-11 , 08:37:55.356409400
Movie: Finding Nemo, Andrew Stanton, 2003-05-30 , 63befb32-ca1c-4b55-836a-4181c2597a23
Movie created: 2023-02-11 , 08:37:55.357410600
Movie: WALL路E, Andrew Stanton, 2008-06-22 , 6e056b7c-af8b-4d93-a1cd-8b4c1293d9b6
Movie created: 2023-02-11 , 08:37:55.357410600
Movie: Coco, Lee Unkrich, 2017-10-27 , 21ca92cd-e590-48c4-b786-ea4b3f7b4671
Movie created: 2023-02-11 , 08:37:55.358277800
Movie: Toy Story 3, Lee Unkrich, 2010-06-16 , 2682ec52-b380-4b4e-8b3e-d086e0091225
Movie created: 2023-02-11 , 08:37:55.358609600
Movie: The Polar Express, Robert Zemeckis, 2004-11-10 , 5ee86c2e-7bf2-4c0c-816f-247fc01b0a64
Movie created: 2023-02-11 , 08:37:55.359627400
Movie: Shrek, Andrew Adamson, 2001-05-18 , 61fdf428-9665-48f5-a663-e3db34260ba4
Movie created: 2023-02-11 , 08:37:55.359627400
Movie: Home Alone, Chris Columbus, 1990-11-16 , 0a788d6e-7187-4a5d-a8d5-3a9858e886fc
Movie created: 2023-02-11 , 08:37:55.361175300
Movie: Back to the Future Part III, Robert Zemeckis, 1990-05-25 , 258dd1fa-5367-4684-96ed-2ce94a72bc58
Movie created: 2023-02-11 , 08:37:55.361175300
Movie: Back to the Future, Robert Zemeckis, 1985-07-03 , d47a06ed-fe01-4108-af18-cb9de9dd4504
Movie created: 2023-02-11 , 08:37:55.361175300
Movie: Back to the Future Part II, Robert Zemeckis, 1989-11-22 , d9b20147-5037-4958-85e6-c247ef64b963
Movie created: 2023-02-11 , 08:37:55.363004
Movie: Who Framed Roger Rabbit, Robert Zemeckis, 1988-06-21 , 006d5f56-0ceb-48dd-bd0f-c681d8a8b700
Movie created: 2023-02-11 , 08:37:55.364012900
Movie: The Lord of the Rings: The Fellowship of the Ring, Peter Jackson, 2001-12-18 , 6c6bf228-7cef-44c9-81d2-138194195123
Movie created: 2023-02-11 , 08:37:55.364441600
Movie: The Lord of the Rings: The Two Towers, Peter Jackson, 2002-12-18 , 651005a6-6a65-4ce6-88b9-f484675ea6cf
Movie created: 2023-02-11 , 08:37:55.364441600
Movie: The Lord of the Rings: The Return of the King, Peter Jackson, 2003-12-01 , 3f4000dc-89fc-455b-9898-66762354a702
Movie created: 2023-02-11 , 08:37:55.365460900
Movie: Rouge One, Gareth Edwards, 2016-12-16 , bd850bcd-b3ed-45b4-8d40-602d27a98a69
Movie created: 2023-02-11 , 08:37:55.365460900
Movie: The Hitchhiker's Guide to the Galaxy, Garth Jennings, 2005-04-28 , 3b19f3ca-52bb-41b5-b9bf-a4bb590426a5
Movie created: 2023-02-11 , 08:37:55.367399800
Movie: Star Trek, J.J. Abrams, 2009-05-06 , 23898529-68f7-4c53-a197-407235d7ae8d
Movie created: 2023-02-11 , 08:37:55.367892300
Movie: Star Trek II: The Wrath of Khan, Nicholas Meyer, 1982-06-04 , 6ddaef08-a549-48b3-b096-56e9d6575285
Movie created: 2023-02-11 , 08:37:55.367892300
Movie: Star Trek Into Darkness, J.J. Abrams, 2013-05-05 , 18fd3506-8be4-4d36-a115-8af5ce1aed26
Movie created: 2023-02-11 , 08:37:55.368767700
Movie: The Lord of the Rings: The Return of the King, Peter Jackson, 2003-12-01 , f184b1a4-c1bc-4b4f-9a8e-75f05f53fa68
Movie created: 2023-02-11 , 08:37:55.369273300
Movie: The Lord of the Rings: The Two Towers, Peter Jackson, 2002-12-18 , 8f7fb5d9-b4d0-42c9-96ad-ce0d74dcc1c8
Movie created: 2023-02-11 , 08:37:55.369540700
Movie: The Lord of the Rings: The Fellowship of the Ring, Peter Jackson, 2001-12-18 , f30882db-4685-4f16-86d9-5a3392a0d928
Movie created: 2023-02-11 , 08:37:55.369774100
Movie: Memento, Christopher Nolan, 2000-10-11 , 5e35843f-c7fb-4c3f-86ca-b76ffc4af613
Movie created: 2023-02-11 , 08:37:55.370087
Movie: Inception, Christopher Nolan, 2010-07-15 , b094d58c-8775-4a07-a5b3-34cb3b1d5c3e
Movie created: 2023-02-11 , 08:37:55.375048300
Movie: Rouge One, Gareth Edwards, 2016-12-16 , 005ce1dc-3554-452f-b666-5786f6499afe
Movie created: 2023-02-11 , 08:37:55.375048300
Movie: Star Wars, George Lucas, 1977-05-25 , 76a14bdd-5699-4ec3-9d93-613b84532aa0
Movie created: 2023-02-11 , 08:37:55.376048400
Movie: Back to the Future, Robert Zemeckis, 1985-07-03 , 3adc0a30-f353-42a4-a351-47eaa098536b
Movie created: 2023-02-11 , 08:37:55.376429600
Movie: Back to the Future Part II, Robert Zemeckis, 1989-11-22 , 806a9566-7d1d-4130-b66c-4c50f002c499
Movie created: 2023-02-11 , 08:37:55.376667500
Movie: Back to the Future Part III, Robert Zemeckis, 1990-05-25 , e3d01149-b9a3-4f3f-8500-d8242d1e47da
Movie created: 2023-02-11 , 08:37:55.376892600
Movie: The Fifth Element, Luc Besson, 1997-05-02 , a42c2c5d-6363-419a-a807-47ba6e0e3951
Movie created: 2023-02-11 , 08:37:55.378035800
Movie: The Lord of the Rings: The Fellowship of the Ring, Peter Jackson, 2001-12-18 , 7b637338-d0ba-4515-be58-1badcc965934
Movie created: 2023-02-11 , 08:37:55.378035800
Movie: The Lord of the Rings: The Two Towers, Peter Jackson, 2002-12-18 , 806611ad-a64e-49e0-bea1-e79635ea283a
Movie created: 2023-02-11 , 08:37:55.378556900
Movie: The Lord of the Rings: The Return of the King, Peter Jackson, 2003-12-01 , 45b169bb-0d8b-4c24-8b2c-f1f98dcd54ef
Movie created: 2023-02-11 , 08:37:55.378817
Movie: Close Encounters of the Third Kind, Steven Spielberg, 1977-11-18 , 181f8963-0117-4e11-82eb-386049f26e28
Movie created: 2023-02-11 , 08:37:55.379625100
Movie: Star Trek Into Darkness, J.J. Abrams, 2013-05-05 , a6bf0b4c-c308-4636-9b79-002e009e361c
Movie created: 2023-02-11 , 08:37:55.379824100
Movie: Jurassic Park, Steven Spielberg, 1993-06-11 , b38c145e-4d3b-48c4-809a-184edf58397c
Movie created: 2023-02-11 , 08:37:55.382844
Movie: The Hitchhiker's Guide to the Galaxy, Garth Jennings, 2005-04-28 , 0cbd0597-440c-4588-924f-333efe401afe
Movie created: 2023-02-11 , 08:37:55.385332600
Movie: Home Alone, Chris Columbus, 1990-11-16 , e6247455-8ded-4724-b3d6-70b2f6a72879
