Book created: 2023-02-11 , 08:26:15.380055900
Book: Exhalation, Ted Chiang, 2008-11-15 , 8065e0f1-8d07-4ae6-ad36-d12e5c3c930f
Book created: 2023-02-11 , 08:26:15.425112900
Book: Good Omens: The Nice and Accurate Prophecies of Agnes Nutter, Witch, Terry Pratchett & Neil Gaiman, 1990-05-01 , 9a72c554-1724-402e-8bff-71dd804e101f
Book created: 2023-02-11 , 08:26:15.425671700
Book: Foundation, Isaac Asimov, 1951-08-30 , 26fafcee-86ee-4162-a53c-cdfa88fd0f88
Book created: 2023-02-11 , 08:26:15.426099800
Book: Foundation's Edge, Isaac Asimov, 1982-10-28 , 41ba35f9-4cb3-4b50-8e57-cb87c860bc85
Book created: 2023-02-11 , 08:26:15.429788400
Book: The Hunger Games, Suzanne Collins, 2008-09-14 , ea9b38f4-6cf2-4768-b4ef-edacdd8b604a
Book created: 2023-02-11 , 08:26:15.430608200
Book: Going Postal, Terry Pratchett, 2004-09-25 , 6e3fd948-f92f-4ff1-a8db-89ef63cf9c3a
Book created: 2023-02-11 , 08:26:15.431058300
Book: Making Money, Terry Pratchett, 2007-09-18 , 0efbbc33-b24b-4a52-b9e6-4b179ab3d1ad
Book created: 2023-02-11 , 08:26:15.433438800
Book: Stranger in a Strange Land, Robert A. Heinlein, 1961-06-01 , e89f3ab6-a05b-4a5d-ab8f-5f5b1e105b3c
Book created: 2023-02-11 , 08:26:15.439120900
Book: Exhalation, Ted Chiang, 2008-11-15 , 000a49d6-d217-4988-a020-36321d0d059e
Book created: 2023-02-11 , 08:26:15.445593800
Book: Good Omens: The Nice and Accurate Prophecies of Agnes Nutter, Witch, Terry Pratchett & Neil Gaiman, 1990-05-01 , df1d643b-3dac-46bc-858c-dd253edf2141
Book created: 2023-02-11 , 08:26:15.446667300
Book: The Hitchhiker's Guide to the Galaxy, Douglas Adams, 1979-10-12 , e4c808e5-ec22-4f74-b6ba-95cc457deb68
Book created: 2023-02-11 , 08:26:15.447489300
Book: Animal Farm, George Orwell, 1945-08-17 , ae3f7772-6fb9-493b-91ab-1c85b12178fd
Book created: 2023-02-11 , 08:26:15.450283300
Book: Jurassic Park, Michael Crichton, 1990-11-20 , a071a4a1-cead-4533-be91-37223a57741f
Book created: 2023-02-11 , 08:26:15.450283300
Book: The Hitchhiker's Guide to the Galaxy, Douglas Adams, 1979-10-12 , 3aa88ecb-7fb8-4eae-a359-4f294368ecb3
Book created: 2023-02-11 , 08:26:15.450830800
Book: Oh, the Places You'll Go!, Dr. Seuss, 1990-01-22 , 717be18d-dd32-4e52-8321-fb7783a3b9ba
Book created: 2023-02-11 , 08:26:15.451851400
Book: Stranger in a Strange Land, Robert A. Heinlein, 1961-06-01 , 22db080c-1b32-44fd-8a11-4cd502e26b6b
Book created: 2023-02-11 , 08:26:15.451851400
Book: The Moon is a Harsh Mistress, Robert A. Heinlein, 1966-06-02 , e9875ca1-9a59-47c3-b74f-fff5d063bae1
Book created: 2023-02-11 , 08:26:15.453248400
Book: Going Postal, Terry Pratchett, 2004-09-25 , 3e4511eb-9ea2-4b87-89c6-fa18c8cd19ff
Book created: 2023-02-11 , 08:26:15.454013800
Book: Raising Steam, Terry Pratchett, 2013-11-07 , c1087302-b71f-46be-93ed-4c85cbe0e301
Book created: 2023-02-11 , 08:26:15.454775400
Book: Making Money, Terry Pratchett, 2007-09-18 , f105ac8d-e239-4c7a-a974-d63655e01b38
Book created: 2023-02-11 , 08:26:15.454775400
Book: The Fellowship of the Ring, J. R. R. Tolkien, 1954-07-29 , eae00c5b-00d8-462f-9680-f04c0e9dc1d0
Book created: 2023-02-11 , 08:26:15.455989500
Book: The Two Towers, J. R. R. Tolkien, 1954-11-11 , 60a39b20-7bc0-4905-9315-92c9de42772b
Book created: 2023-02-11 , 08:26:15.455989500
Book: The Return of the King, J. R. R. Tolkien, 1955-10-20 , 4daaa54f-1c4a-4d03-91d3-8341dd52f21b
Book created: 2023-02-11 , 08:26:15.459084800
Book: Oh, the Places You'll Go!, Dr. Seuss, 1990-01-22 , 82839221-93cd-40d7-9273-50eef9851a85
Book created: 2023-02-11 , 08:26:15.459322800
Book: The Fellowship of the Ring, J. R. R. Tolkien, 1954-07-29 , 7fd0c0c9-84a0-4ddc-8540-541a6a9b99a9
Book created: 2023-02-11 , 08:26:15.459322800
Book: The Two Towers, J. R. R. Tolkien, 1954-11-11 , e4fe26bd-e75f-4f65-9967-f602bd0c8c50
Book created: 2023-02-11 , 08:26:15.459322800
Book: The Return of the King, J. R. R. Tolkien, 1955-10-20 , e9ebf2d4-5133-4e63-9c06-a6a242a4b290
Book created: 2023-02-11 , 08:26:15.460399
Book: The Hunger Games, Suzanne Collins, 2008-09-14 , 9bde15ab-744b-402d-9e14-2cb985c134bc
Book created: 2023-02-11 , 08:26:15.462769600
Book: Piranesi, Susanna Clarke, 2020-09-15 , 24f10ad9-e0aa-42fa-8204-6c3621c1a5bd
Book created: 2023-02-11 , 08:26:15.462769600
Book: Once Upon an Algorithm, Martin Erwig, 2017-08-11 , 154ce019-7cf1-4fe2-acb0-cd96706e61bc
Book created: 2023-02-11 , 08:26:15.470710100
Book: Raising Steam, Terry Pratchett, 2013-11-07 , ae887f05-2b36-4ccc-975c-fcf0948ebcdb
Book created: 2023-02-11 , 08:26:15.470710100
Book: Making Money, Terry Pratchett, 2007-09-18 , a2a46f73-8f8a-47a0-b6a1-2b0328297dc9
Book created: 2023-02-11 , 08:26:15.471873200
Book: Going Postal, Terry Pratchett, 2004-09-25 , e88235c8-eb24-4130-9e35-13d0ae9ea9b0
Book created: 2023-02-11 , 08:26:15.471873200
Book: Exhalation, Ted Chiang, 2008-11-15 , 9b2be61b-8bb9-4c2e-b79d-f41a36875d57
Book created: 2023-02-11 , 08:26:15.472371500
Book: Jurassic Park, Michael Crichton, 1990-11-20 , 0499d8e5-44b9-48b5-b06c-efc631316b97
Book created: 2023-02-11 , 08:26:15.472847500
Book: Good Omens: The Nice and Accurate Prophecies of Agnes Nutter, Witch, Terry Pratchett & Neil Gaiman, 1990-05-01 , 6cd719e6-f60b-47ec-a0b7-1694e97b9550
Book created: 2023-02-11 , 08:26:15.472847500
Book: The Hitchhiker's Guide to the Galaxy, Douglas Adams, 1979-10-12 , 76075001-a852-4cac-9878-9f2879e02625
Book created: 2023-02-11 , 08:26:15.473352500
Book: The Two Towers, J. R. R. Tolkien, 1954-11-11 , a4f2ca01-40e4-48b8-87f0-f15f4939e20f
Book created: 2023-02-11 , 08:26:15.474111700
Book: The Fellowship of the Ring, J. R. R. Tolkien, 1954-07-29 , 6e7a13cc-b318-437b-a9c8-9c1c9834224d
Book created: 2023-02-11 , 08:26:15.474427300
Book: The Return of the King, J. R. R. Tolkien, 1955-10-20 , 137dd89b-0660-4e74-ad59-45289734f126
Book created: 2023-02-11 , 08:26:15.474427300
Book: Animal Farm, George Orwell, 1945-08-17 , b91bfdb8-d510-4202-86ca-b148fa98120b
Book created: 2023-02-11 , 08:26:15.474928200
Book: Racing the Beam, Nick Montfort and Ian Bogost, 2009-03-01 , ab935222-9979-4468-ab54-f2a764f8ffa4
Book created: 2023-02-11 , 08:26:15.475162400
Book: Programming for the Puzzled, Srini Devadas, 2017-11-09 , 61ec3d5d-5cd9-4081-8700-03bc5d533d1e
Book created: 2023-02-11 , 08:26:15.475378
Book: Once Upon an Algorithm, Martin Erwig, 2017-08-11 , 0eeb3613-f22e-43c1-a309-daae17ec3202
Book created: 2023-02-11 , 08:26:15.475613300
Book: The Moon is a Harsh Mistress, Robert A. Heinlein, 1966-06-02 , 48193af8-fa6e-46e5-8084-6ec700ef439a
Book created: 2023-02-11 , 08:26:15.476111900
Book: Stranger in a Strange Land, Robert A. Heinlein, 1961-06-01 , 3922a2ab-8fd1-451b-b924-1acff1e05edb
Book created: 2023-02-11 , 08:31:29.337018500
Book: Exhalation, Ted Chiang, 2008-11-15 , fa9aab25-02c2-451e-bb0a-3c9b82fb36f7
Book created: 2023-02-11 , 08:31:29.395157900
Book: Good Omens: The Nice and Accurate Prophecies of Agnes Nutter, Witch, Terry Pratchett & Neil Gaiman, 1990-05-01 , 861f46cf-2637-45fb-9e3b-170111643a63
Book created: 2023-02-11 , 08:31:29.395681500
Book: Foundation, Isaac Asimov, 1951-08-30 , 47506131-16ee-48f8-bca3-c24252b4b09a
Book created: 2023-02-11 , 08:31:29.395681500
Book: Foundation's Edge, Isaac Asimov, 1982-10-28 , 100c2269-dbd6-4aa9-bcdc-3461236fed3a
Book created: 2023-02-11 , 08:31:29.399468400
Book: The Hunger Games, Suzanne Collins, 2008-09-14 , b3f80802-41c9-4130-bd91-820452403a43
Book created: 2023-02-11 , 08:31:29.400088900
Book: Going Postal, Terry Pratchett, 2004-09-25 , 10851344-c67d-4f70-bf91-66c13569f0b7
Book created: 2023-02-11 , 08:31:29.401481700
Book: Making Money, Terry Pratchett, 2007-09-18 , f95feeeb-d7c4-4332-89e0-b0c6f07f5272
Book created: 2023-02-11 , 08:31:29.409081600
Book: Stranger in a Strange Land, Robert A. Heinlein, 1961-06-01 , cce50cd1-368f-4553-b7db-7d46c44a4b0c
Book created: 2023-02-11 , 08:31:29.418588900
Book: Exhalation, Ted Chiang, 2008-11-15 , c9beb541-20f0-451a-9bf7-189a8b22d532
Book created: 2023-02-11 , 08:31:29.424494400
Book: Good Omens: The Nice and Accurate Prophecies of Agnes Nutter, Witch, Terry Pratchett & Neil Gaiman, 1990-05-01 , cea9c683-aac0-4f80-bbd7-d9813d500f62
Book created: 2023-02-11 , 08:31:29.425891200
Book: The Hitchhiker's Guide to the Galaxy, Douglas Adams, 1979-10-12 , 3dd88f2f-e023-47ac-92a4-e33116383e37
Book created: 2023-02-11 , 08:31:29.425891200
Book: Animal Farm, George Orwell, 1945-08-17 , ab69d2a3-775b-4bf4-a7eb-bca4a7b4f38b
Book created: 2023-02-11 , 08:31:29.427907600
Book: Jurassic Park, Michael Crichton, 1990-11-20 , 03ae45f4-fa7c-4673-ae27-37a2806a5d42
Book created: 2023-02-11 , 08:31:29.427907600
Book: The Hitchhiker's Guide to the Galaxy, Douglas Adams, 1979-10-12 , fcee2980-1383-4b8a-a825-f04ffe1b15fe
Book created: 2023-02-11 , 08:31:29.429525500
Book: Oh, the Places You'll Go!, Dr. Seuss, 1990-01-22 , 1a630149-b81d-4123-8011-ffe0d2e9f654
Book created: 2023-02-11 , 08:31:29.430549
Book: Stranger in a Strange Land, Robert A. Heinlein, 1961-06-01 , b440dd5d-3c49-46e1-8b34-9f1c1e1cf962
Book created: 2023-02-11 , 08:31:29.430549
Book: The Moon is a Harsh Mistress, Robert A. Heinlein, 1966-06-02 , ed4ad6fe-0b5f-4eee-acd4-d80a2529336d
Book created: 2023-02-11 , 08:31:29.431733600
Book: Going Postal, Terry Pratchett, 2004-09-25 , 5a9ec97e-c9ac-4ca2-9160-7f307adb284e
Book created: 2023-02-11 , 08:31:29.432461800
Book: Raising Steam, Terry Pratchett, 2013-11-07 , 51fd24f5-e3d9-42a9-80a2-465a9467afd6
Book created: 2023-02-11 , 08:31:29.434099300
Book: Making Money, Terry Pratchett, 2007-09-18 , 218f1321-ca13-42f6-b556-1a02584fae78
Book created: 2023-02-11 , 08:31:29.435104400
Book: The Fellowship of the Ring, J. R. R. Tolkien, 1954-07-29 , d64f22fb-3a79-41bd-a951-199cbed5aa7a
Book created: 2023-02-11 , 08:31:29.435714200
Book: The Two Towers, J. R. R. Tolkien, 1954-11-11 , a73159c0-dbe3-45b4-93ae-4dced2778ecf
Book created: 2023-02-11 , 08:31:29.435938600
Book: The Return of the King, J. R. R. Tolkien, 1955-10-20 , 96c1923c-f25d-48a5-b98a-f4c71b530228
Book created: 2023-02-11 , 08:31:29.442713300
Book: Oh, the Places You'll Go!, Dr. Seuss, 1990-01-22 , 97fb5905-1fe5-4c95-aa42-dd5c45fc30cd
Book created: 2023-02-11 , 08:31:29.443218800
Book: The Fellowship of the Ring, J. R. R. Tolkien, 1954-07-29 , 20aa2668-4935-4bbd-8bd8-b291b821ff7a
Book created: 2023-02-11 , 08:31:29.443218800
Book: The Two Towers, J. R. R. Tolkien, 1954-11-11 , 3b3ce25a-e5a4-41eb-89f7-9627d14fad0c
Book created: 2023-02-11 , 08:31:29.443218800
Book: The Return of the King, J. R. R. Tolkien, 1955-10-20 , a802df45-f99c-4a27-a679-29779be2032a
Book created: 2023-02-11 , 08:31:29.444457400
Book: The Hunger Games, Suzanne Collins, 2008-09-14 , 350df740-e17f-4ab8-a0e7-006382d4fe1b
Book created: 2023-02-11 , 08:31:29.446508
Book: Piranesi, Susanna Clarke, 2020-09-15 , 59cd4cd7-24bf-4a2f-82fe-8ea1e233bd93
Book created: 2023-02-11 , 08:31:29.447050800
Book: Once Upon an Algorithm, Martin Erwig, 2017-08-11 , dcf099b0-6ebe-499d-90f7-0da1449e88bd
Book created: 2023-02-11 , 08:31:29.459971400
Book: Raising Steam, Terry Pratchett, 2013-11-07 , f8ae4cc3-1f03-4234-b5d8-7ef9219648fd
Book created: 2023-02-11 , 08:31:29.460673900
Book: Making Money, Terry Pratchett, 2007-09-18 , 96bf0ddf-783c-43e2-9628-272bbed6f26f
Book created: 2023-02-11 , 08:31:29.460673900
Book: Going Postal, Terry Pratchett, 2004-09-25 , 3f93df81-3aa2-4adf-aa8b-42a154f6eff0
Book created: 2023-02-11 , 08:31:29.460673900
Book: Exhalation, Ted Chiang, 2008-11-15 , 59df9cbf-ade1-4876-9b65-f630c8eb9cbc
Book created: 2023-02-11 , 08:31:29.460673900
Book: Jurassic Park, Michael Crichton, 1990-11-20 , 70c7c3ec-e8ba-4269-ab55-e4b7dac75b0b
Book created: 2023-02-11 , 08:31:29.461893500
Book: Good Omens: The Nice and Accurate Prophecies of Agnes Nutter, Witch, Terry Pratchett & Neil Gaiman, 1990-05-01 , 656ace9d-0d73-4f31-8987-90ee334af2a6
Book created: 2023-02-11 , 08:31:29.461893500
Book: The Hitchhiker's Guide to the Galaxy, Douglas Adams, 1979-10-12 , 3f34555f-2631-47cf-9b64-98c214e02b7c
Book created: 2023-02-11 , 08:31:29.461893500
Book: The Two Towers, J. R. R. Tolkien, 1954-11-11 , 362a3a17-5933-4c0b-a654-66b66bb4277e
Book created: 2023-02-11 , 08:31:29.462787100
Book: The Fellowship of the Ring, J. R. R. Tolkien, 1954-07-29 , 6e1732c0-3c70-44ed-ba0e-60a5f0716f7d
Book created: 2023-02-11 , 08:31:29.463016800
Book: The Return of the King, J. R. R. Tolkien, 1955-10-20 , 392b2f13-df97-4d4e-9832-253e27ffb9fc
Book created: 2023-02-11 , 08:31:29.463016800
Book: Animal Farm, George Orwell, 1945-08-17 , d27d2b76-b83b-4460-ba93-be1081c8c8dc
Book created: 2023-02-11 , 08:31:29.463434700
Book: Racing the Beam, Nick Montfort and Ian Bogost, 2009-03-01 , e0a7b7d9-4be1-4e4d-bc53-752aab5d0762
Book created: 2023-02-11 , 08:31:29.463651900
Book: Programming for the Puzzled, Srini Devadas, 2017-11-09 , 97aeda02-7de6-46b7-b7e9-9aef03e9545f
Book created: 2023-02-11 , 08:31:29.463866600
Book: Once Upon an Algorithm, Martin Erwig, 2017-08-11 , 55565e93-fa3b-4b75-99fd-76e72f30eab5
Book created: 2023-02-11 , 08:31:29.463866600
Book: The Moon is a Harsh Mistress, Robert A. Heinlein, 1966-06-02 , 05685d09-70dc-48a3-8235-54e523c7dc38
Book created: 2023-02-11 , 08:31:29.463866600
Book: Stranger in a Strange Land, Robert A. Heinlein, 1961-06-01 , dfc1c186-0054-481b-bea3-eb1b07acc3aa
Book created: 2023-02-11 , 08:33:58.830930500
Book: Exhalation, Ted Chiang, 2008-11-15 , 7a89ffc3-86ed-4345-b80a-ea053b0d5871
Book created: 2023-02-11 , 08:33:58.878755800
Book: Good Omens: The Nice and Accurate Prophecies of Agnes Nutter, Witch, Terry Pratchett & Neil Gaiman, 1990-05-01 , f84d7912-0419-4c48-9121-f5e529d7ee0e
Book created: 2023-02-11 , 08:33:58.878755800
Book: Foundation, Isaac Asimov, 1951-08-30 , 08b3b105-0aa1-4b77-8212-884be7f2b398
Book created: 2023-02-11 , 08:33:58.879543300
Book: Foundation's Edge, Isaac Asimov, 1982-10-28 , 0863aa84-5fab-4c20-8c37-3341fc1f0e72
Book created: 2023-02-11 , 08:33:58.881576700
Book: The Hunger Games, Suzanne Collins, 2008-09-14 , fb71b2b6-b7aa-497a-87b6-ba5441854246
Book created: 2023-02-11 , 08:33:58.882326900
Book: Going Postal, Terry Pratchett, 2004-09-25 , 02310860-67f2-4a71-84f3-5275537c0422
Book created: 2023-02-11 , 08:33:58.883169200
Book: Making Money, Terry Pratchett, 2007-09-18 , 7599ae3c-c286-4e09-a82e-c5a2b6d3fb41
Book created: 2023-02-11 , 08:33:58.884761900
Book: Stranger in a Strange Land, Robert A. Heinlein, 1961-06-01 , 10be2e81-4e78-44e0-96ec-5998a7ee45a2
Book created: 2023-02-11 , 08:33:58.897365600
Book: Exhalation, Ted Chiang, 2008-11-15 , 06bea26b-1d3e-42ea-b376-c927610c4931
Book created: 2023-02-11 , 08:33:58.906554800
Book: Good Omens: The Nice and Accurate Prophecies of Agnes Nutter, Witch, Terry Pratchett & Neil Gaiman, 1990-05-01 , 18e0fafb-4889-4962-b015-b71da6d3246b
Book created: 2023-02-11 , 08:33:58.907577400
Book: The Hitchhiker's Guide to the Galaxy, Douglas Adams, 1979-10-12 , 63889345-85c4-477f-b985-76517e476cad
Book created: 2023-02-11 , 08:33:58.907577400
Book: Animal Farm, George Orwell, 1945-08-17 , 8afee411-e687-4a7d-b38b-7efd9a534501
Book created: 2023-02-11 , 08:33:58.909729200
Book: Jurassic Park, Michael Crichton, 1990-11-20 , a017011c-801b-441a-b628-3d31bea54156
Book created: 2023-02-11 , 08:33:58.909729200
Book: The Hitchhiker's Guide to the Galaxy, Douglas Adams, 1979-10-12 , 1c678748-9d93-4068-894c-c6f1fed87ec2
Book created: 2023-02-11 , 08:33:58.910690
Book: Oh, the Places You'll Go!, Dr. Seuss, 1990-01-22 , 955b937e-bbdb-48cf-8d28-ba8309de71e8
Book created: 2023-02-11 , 08:33:58.912688100
Book: Stranger in a Strange Land, Robert A. Heinlein, 1961-06-01 , bbca4c3d-c242-4183-9145-e225051a6568
Book created: 2023-02-11 , 08:33:58.912905200
Book: The Moon is a Harsh Mistress, Robert A. Heinlein, 1966-06-02 , 3737a210-3671-49dd-bc0a-868686aed754
Book created: 2023-02-11 , 08:33:58.913383900
Book: Going Postal, Terry Pratchett, 2004-09-25 , 7632fec2-cb44-45ec-bed1-a5a39b391039
Book created: 2023-02-11 , 08:33:58.914372
Book: Raising Steam, Terry Pratchett, 2013-11-07 , f6532d17-ac7a-4ad6-8dbb-a4b19428d25b
Book created: 2023-02-11 , 08:33:58.914650600
Book: Making Money, Terry Pratchett, 2007-09-18 , 79db5960-6c38-47e1-b65e-cc76aa0b29cc
Book created: 2023-02-11 , 08:33:58.915598900
Book: The Fellowship of the Ring, J. R. R. Tolkien, 1954-07-29 , b16dbe92-8d85-4a8f-9bf7-27010a290624
Book created: 2023-02-11 , 08:33:58.915877300
Book: The Two Towers, J. R. R. Tolkien, 1954-11-11 , 86b83a4d-195e-45b5-b408-f76f2a15d6ba
Book created: 2023-02-11 , 08:33:58.915877300
Book: The Return of the King, J. R. R. Tolkien, 1955-10-20 , 2f817b64-aa7c-48e0-90e2-11719026e736
Book created: 2023-02-11 , 08:33:58.921042800
Book: Oh, the Places You'll Go!, Dr. Seuss, 1990-01-22 , 86f1477c-e8c6-4c9b-9150-b9bde13023af
Book created: 2023-02-11 , 08:33:58.921042800
Book: The Fellowship of the Ring, J. R. R. Tolkien, 1954-07-29 , e0e2cdcb-66e3-4edb-9029-26b018f05103
Book created: 2023-02-11 , 08:33:58.921042800
Book: The Two Towers, J. R. R. Tolkien, 1954-11-11 , fe92ed85-ebf4-4451-9658-ea6a727e8d61
Book created: 2023-02-11 , 08:33:58.922231300
Book: The Return of the King, J. R. R. Tolkien, 1955-10-20 , 69b95292-e31f-47b6-a668-5dea090dc140
Book created: 2023-02-11 , 08:33:58.923043500
Book: The Hunger Games, Suzanne Collins, 2008-09-14 , c8cf6aaf-3960-4f44-8a46-4c1215877b05
Book created: 2023-02-11 , 08:33:58.926168600
Book: Piranesi, Susanna Clarke, 2020-09-15 , 789023c6-ee9f-46e2-8c9a-4b76cbd01ed8
Book created: 2023-02-11 , 08:33:58.926802500
Book: Once Upon an Algorithm, Martin Erwig, 2017-08-11 , 8d1c916f-dd4e-401e-9bf0-4c02af7c7dea
Book created: 2023-02-11 , 08:33:58.936566800
Book: Raising Steam, Terry Pratchett, 2013-11-07 , 481f088b-0c47-4f3b-967e-646962e8bace
Book created: 2023-02-11 , 08:33:58.936566800
Book: Making Money, Terry Pratchett, 2007-09-18 , 565e9876-2a9b-4e12-b974-8aa913e4bf75
Book created: 2023-02-11 , 08:33:58.937379400
Book: Going Postal, Terry Pratchett, 2004-09-25 , 774197a5-f9e5-4e8d-affa-cdd2f5821ada
Book created: 2023-02-11 , 08:33:58.937379400
Book: Exhalation, Ted Chiang, 2008-11-15 , 886127e2-a87a-463a-a613-a09e07e7d376
Book created: 2023-02-11 , 08:33:58.937987300
Book: Jurassic Park, Michael Crichton, 1990-11-20 , 1e16e605-2d2b-4c25-8764-e2ccc0a545fd
Book created: 2023-02-11 , 08:33:58.937987300
Book: Good Omens: The Nice and Accurate Prophecies of Agnes Nutter, Witch, Terry Pratchett & Neil Gaiman, 1990-05-01 , 024c1402-b975-4450-bb5c-5e1c7edb1db1
Book created: 2023-02-11 , 08:33:58.938485500
Book: The Hitchhiker's Guide to the Galaxy, Douglas Adams, 1979-10-12 , 29027dfc-a991-41a1-a51e-826f9a931fa8
Book created: 2023-02-11 , 08:33:58.939292700
Book: The Two Towers, J. R. R. Tolkien, 1954-11-11 , c348952a-220d-4cc5-b12f-b33c77039055
Book created: 2023-02-11 , 08:33:58.939561500
Book: The Fellowship of the Ring, J. R. R. Tolkien, 1954-07-29 , a62655ec-a045-459d-921b-3f16f2475838
Book created: 2023-02-11 , 08:33:58.939561500
Book: The Return of the King, J. R. R. Tolkien, 1955-10-20 , 7da82967-3de4-48d6-bcd3-61664cb462e5
Book created: 2023-02-11 , 08:33:58.939561500
Book: Animal Farm, George Orwell, 1945-08-17 , c4110e3b-d918-46c9-abda-9d75b2bad9d2
Book created: 2023-02-11 , 08:33:58.940315900
Book: Racing the Beam, Nick Montfort and Ian Bogost, 2009-03-01 , 39e2e94e-cf10-4ae0-8617-2616cf3041c6
Book created: 2023-02-11 , 08:33:58.940562200
Book: Programming for the Puzzled, Srini Devadas, 2017-11-09 , 749af136-f29f-4f0d-a5d1-a12c52ac4a0a
Book created: 2023-02-11 , 08:33:58.940562200
Book: Once Upon an Algorithm, Martin Erwig, 2017-08-11 , 50c73c8c-9bc2-490a-81b8-5c61a79d779a
Book created: 2023-02-11 , 08:33:58.940562200
Book: The Moon is a Harsh Mistress, Robert A. Heinlein, 1966-06-02 , cb2661bb-a589-4102-8ba6-39294b9d977f
Book created: 2023-02-11 , 08:33:58.941579200
Book: Stranger in a Strange Land, Robert A. Heinlein, 1961-06-01 , f278ba41-36d1-4116-baa9-8b643a96397c
Book created: 2023-02-11 , 08:37:55.271574900
Book: Exhalation, Ted Chiang, 2008-11-15 , 43978c62-7377-45d6-8992-cb903a7d1f0f
Book created: 2023-02-11 , 08:37:55.326951
Book: Good Omens: The Nice and Accurate Prophecies of Agnes Nutter, Witch, Terry Pratchett & Neil Gaiman, 1990-05-01 , 649d7023-8546-4aef-9c4a-0965ccf333b2
Book created: 2023-02-11 , 08:37:55.327953800
Book: Foundation, Isaac Asimov, 1951-08-30 , 08bd0ea7-e35a-4883-95ce-284d9b9ccbd9
Book created: 2023-02-11 , 08:37:55.328950400
Book: Foundation's Edge, Isaac Asimov, 1982-10-28 , 180ef7a7-9449-438d-ac96-1585833532f6
Book created: 2023-02-11 , 08:37:55.331313
Book: The Hunger Games, Suzanne Collins, 2008-09-14 , ea9328a2-b0fb-459d-b28c-f8f775570241
Book created: 2023-02-11 , 08:37:55.331817600
Book: Going Postal, Terry Pratchett, 2004-09-25 , b058c55f-e235-4c9c-82ee-44dfcb182590
Book created: 2023-02-11 , 08:37:55.332905200
Book: Making Money, Terry Pratchett, 2007-09-18 , a38301b9-ff4d-4c3a-9273-4802ec07eab9
Book created: 2023-02-11 , 08:37:55.334714300
Book: Stranger in a Strange Land, Robert A. Heinlein, 1961-06-01 , bf5353e9-c78f-491f-aa59-b99126775f28
Book created: 2023-02-11 , 08:37:55.343107500
Book: Exhalation, Ted Chiang, 2008-11-15 , a101450e-c1bd-45ba-bb79-28c6a112f98d
Book created: 2023-02-11 , 08:37:55.351078300
Book: Good Omens: The Nice and Accurate Prophecies of Agnes Nutter, Witch, Terry Pratchett & Neil Gaiman, 1990-05-01 , 63cf0b6d-c300-4ce7-8f6e-da46035c2fbe
Book created: 2023-02-11 , 08:37:55.352425900
Book: The Hitchhiker's Guide to the Galaxy, Douglas Adams, 1979-10-12 , 8aba6fd3-99c8-4ad5-9636-ea5ac8404abe
Book created: 2023-02-11 , 08:37:55.353093600
Book: Animal Farm, George Orwell, 1945-08-17 , cef513e9-d4e4-49c7-b667-1ebcc406b1a4
Book created: 2023-02-11 , 08:37:55.355409700
Book: Jurassic Park, Michael Crichton, 1990-11-20 , 72b78153-d07e-4fe3-b2df-5296823c4539
Book created: 2023-02-11 , 08:37:55.355409700
Book: The Hitchhiker's Guide to the Galaxy, Douglas Adams, 1979-10-12 , 19b790ec-b406-4747-b861-e69db0af59c0
Book created: 2023-02-11 , 08:37:55.356409400
Book: Oh, the Places You'll Go!, Dr. Seuss, 1990-01-22 , 2c418f23-142f-46bf-8d64-93a9c3f1fdb4
Book created: 2023-02-11 , 08:37:55.358609600
Book: Stranger in a Strange Land, Robert A. Heinlein, 1961-06-01 , fb8fe09b-eb8d-48a6-9f99-db6120f8a22f
Book created: 2023-02-11 , 08:37:55.358609600
Book: The Moon is a Harsh Mistress, Robert A. Heinlein, 1966-06-02 , 565fe8ca-37ce-49b0-8db5-dae344ae807b
Book created: 2023-02-11 , 08:37:55.359627400
Book: Going Postal, Terry Pratchett, 2004-09-25 , ec124f0f-60c9-41c2-a8a5-aadcdadfefe9
Book created: 2023-02-11 , 08:37:55.360571800
Book: Raising Steam, Terry Pratchett, 2013-11-07 , 8be3a0dc-290c-4ab2-b6f3-8d28cae06250
Book created: 2023-02-11 , 08:37:55.361175300
Book: Making Money, Terry Pratchett, 2007-09-18 , 760e51bf-34dd-473b-ad1d-514552be95af
Book created: 2023-02-11 , 08:37:55.362495900
Book: The Fellowship of the Ring, J. R. R. Tolkien, 1954-07-29 , b41298d1-c2e2-4990-9acb-2530f03d471e
Book created: 2023-02-11 , 08:37:55.363004
Book: The Two Towers, J. R. R. Tolkien, 1954-11-11 , f04569ce-1eeb-47c7-be0c-7e0a0812ab9c
Book created: 2023-02-11 , 08:37:55.363004
Book: The Return of the King, J. R. R. Tolkien, 1955-10-20 , fae00074-3c16-49c9-bec1-a0838ec92ce0
Book created: 2023-02-11 , 08:37:55.366459700
Book: Oh, the Places You'll Go!, Dr. Seuss, 1990-01-22 , 740a617a-fff2-4c54-9dc1-d84402a976e6
Book created: 2023-02-11 , 08:37:55.366459700
Book: The Fellowship of the Ring, J. R. R. Tolkien, 1954-07-29 , 60b87129-8bba-4dcb-8096-2b3518315ec6
Book created: 2023-02-11 , 08:37:55.366459700
Book: The Two Towers, J. R. R. Tolkien, 1954-11-11 , 045a415f-db28-40bd-b7ef-e96396b30bb7
Book created: 2023-02-11 , 08:37:55.367399800
Book: The Return of the King, J. R. R. Tolkien, 1955-10-20 , 987a7547-f368-49c8-be49-e3d922d12699
Book created: 2023-02-11 , 08:37:55.367892300
Book: The Hunger Games, Suzanne Collins, 2008-09-14 , b098efe3-bb99-473d-807e-4f81f60c38e2
Book created: 2023-02-11 , 08:37:55.371125900
Book: Piranesi, Susanna Clarke, 2020-09-15 , eb214021-98b5-4910-9585-2acbb69dde3e
Book created: 2023-02-11 , 08:37:55.373028200
Book: Once Upon an Algorithm, Martin Erwig, 2017-08-11 , a2a981fe-2350-4393-8174-6c591d18947e
Book created: 2023-02-11 , 08:37:55.380837100
Book: Raising Steam, Terry Pratchett, 2013-11-07 , 04f7d19b-0789-4b34-ab81-9ba3b56a747c
Book created: 2023-02-11 , 08:37:55.381247600
Book: Making Money, Terry Pratchett, 2007-09-18 , 410ac258-ab61-4c21-abe2-13bc80ce3fa4
Book created: 2023-02-11 , 08:37:55.381247600
Book: Going Postal, Terry Pratchett, 2004-09-25 , 8125abc3-9212-4990-ae2d-bef460f85ad2
Book created: 2023-02-11 , 08:37:55.381247600
Book: Exhalation, Ted Chiang, 2008-11-15 , a68e4f11-6393-472a-94ce-fe83cc44689a
Book created: 2023-02-11 , 08:37:55.382170500
Book: Jurassic Park, Michael Crichton, 1990-11-20 , 0aa6cddb-0b96-4030-afb6-ba253c6028e9
Book created: 2023-02-11 , 08:37:55.382170500
Book: Good Omens: The Nice and Accurate Prophecies of Agnes Nutter, Witch, Terry Pratchett & Neil Gaiman, 1990-05-01 , 9cd5dca9-d5aa-429b-ab62-62fe8359eb8b
Book created: 2023-02-11 , 08:37:55.382670100
Book: The Hitchhiker's Guide to the Galaxy, Douglas Adams, 1979-10-12 , 919a380b-3209-4e14-99fe-20fe3a31df71
Book created: 2023-02-11 , 08:37:55.383301900
Book: The Two Towers, J. R. R. Tolkien, 1954-11-11 , f2d53c70-8b02-4f71-842c-8d6251bbd9d4
Book created: 2023-02-11 , 08:37:55.383301900
Book: The Fellowship of the Ring, J. R. R. Tolkien, 1954-07-29 , 694d8892-e225-48da-933e-c200563add45
Book created: 2023-02-11 , 08:37:55.383821200
Book: The Return of the King, J. R. R. Tolkien, 1955-10-20 , 27aa08d6-4e9e-417c-afda-dcc3e15ec160
Book created: 2023-02-11 , 08:37:55.384192700
Book: Animal Farm, George Orwell, 1945-08-17 , febcadb9-dccb-4976-bda0-c32d91d22ed9
Book created: 2023-02-11 , 08:37:55.384505600
Book: Racing the Beam, Nick Montfort and Ian Bogost, 2009-03-01 , 32d5a002-5f15-4cac-b6cf-f69155021366
Book created: 2023-02-11 , 08:37:55.384505600
Book: Programming for the Puzzled, Srini Devadas, 2017-11-09 , 37a4af2f-97a6-4121-b0f6-fbb7bb56ffd2
Book created: 2023-02-11 , 08:37:55.384505600
Book: Once Upon an Algorithm, Martin Erwig, 2017-08-11 , 3fa3f036-7dbb-429e-8481-9f3a9b6e2c65
Book created: 2023-02-11 , 08:37:55.385624
Book: The Moon is a Harsh Mistress, Robert A. Heinlein, 1966-06-02 , 88e6318b-8ce5-4339-98cb-18921ba907bb
Book created: 2023-02-11 , 08:37:55.385624
Book: Stranger in a Strange Land, Robert A. Heinlein, 1961-06-01 , d166520d-bf02-4a4a-b8c3-5ad780b44eee
Book created: 2023-02-11 , 08:39:45.587251200
Book: Exhalation, Ted Chiang, 2008-11-15 , b0a1edec-7ec8-42b7-afbf-7943b6236748
Book created: 2023-02-11 , 08:39:45.635189
Book: Good Omens: The Nice and Accurate Prophecies of Agnes Nutter, Witch, Terry Pratchett & Neil Gaiman, 1990-05-01 , e6d40bdb-de89-48e1-b5a3-367747aace22
Book created: 2023-02-11 , 08:39:45.635189
Book: Foundation, Isaac Asimov, 1951-08-30 , f693575d-418c-4bb9-a342-1d46d18130a9
Book created: 2023-02-11 , 08:39:45.635866100
Book: Foundation's Edge, Isaac Asimov, 1982-10-28 , f0512424-37fb-498a-a9b5-902c3457bdf5
Book created: 2023-02-11 , 08:39:45.638729300
Book: The Hunger Games, Suzanne Collins, 2008-09-14 , e9cf5eff-c028-4a70-affb-3dbe2f6ad574
Book created: 2023-02-11 , 08:39:45.639788600
Book: Going Postal, Terry Pratchett, 2004-09-25 , 8f4d585c-6253-4230-a160-3b8722ec06ae
Book created: 2023-02-11 , 08:39:45.641159600
Book: Making Money, Terry Pratchett, 2007-09-18 , 99733ec9-a6be-4705-a59d-7211b76006b0
Book created: 2023-02-11 , 08:39:45.642901300
Book: Stranger in a Strange Land, Robert A. Heinlein, 1961-06-01 , 6ca8c7c4-17c3-4065-a8a4-4aa74690d5d4
Book created: 2023-02-11 , 08:39:45.651601200
Book: Exhalation, Ted Chiang, 2008-11-15 , e528006d-58dc-4fd7-a7c5-21b6a14e24e4
Book created: 2023-02-11 , 08:39:45.660551700
Book: Good Omens: The Nice and Accurate Prophecies of Agnes Nutter, Witch, Terry Pratchett & Neil Gaiman, 1990-05-01 , 2d3a12a5-1f0f-4686-a9bc-08e5ece87e44
Book created: 2023-02-11 , 08:39:45.661605
Book: The Hitchhiker's Guide to the Galaxy, Douglas Adams, 1979-10-12 , 4e7e0069-197c-447c-9148-b1c88ae758f1
Book created: 2023-02-11 , 08:39:45.661913
Book: Animal Farm, George Orwell, 1945-08-17 , 565eadc5-f6a5-4594-8077-706c8e428f33
Book created: 2023-02-11 , 08:39:45.664476900
Book: Jurassic Park, Michael Crichton, 1990-11-20 , 0dcd7e25-5772-47f5-9cd8-ca394bdbe3a9
Book created: 2023-02-11 , 08:39:45.664476900
Book: The Hitchhiker's Guide to the Galaxy, Douglas Adams, 1979-10-12 , 82073370-031f-43de-a41f-1fd72d333183
Book created: 2023-02-11 , 08:39:45.666013700
Book: Oh, the Places You'll Go!, Dr. Seuss, 1990-01-22 , 03413902-0cf5-4636-aab5-67da0abc97ee
Book created: 2023-02-11 , 08:39:45.668210900
Book: Stranger in a Strange Land, Robert A. Heinlein, 1961-06-01 , 40f7e6e8-9b01-4e4b-ace9-d4597196ff0c
Book created: 2023-02-11 , 08:39:45.668479900
Book: The Moon is a Harsh Mistress, Robert A. Heinlein, 1966-06-02 , 8893578d-1185-44ac-bd60-a9c77542dbe1
Book created: 2023-02-11 , 08:39:45.669478500
Book: Going Postal, Terry Pratchett, 2004-09-25 , c2a24294-b821-465d-8336-48f54713c003
Book created: 2023-02-11 , 08:39:45.670408300
Book: Raising Steam, Terry Pratchett, 2013-11-07 , 975c60b1-3e0b-4fbb-a76d-a2f8fb1a3fb7
Book created: 2023-02-11 , 08:39:45.670707200
Book: Making Money, Terry Pratchett, 2007-09-18 , a99c71cb-eb74-4b9b-a5ea-e8179300f592
Book created: 2023-02-11 , 08:39:45.671876800
Book: The Fellowship of the Ring, J. R. R. Tolkien, 1954-07-29 , 81338d13-ecf0-4a18-8cbc-714dc89ed838
Book created: 2023-02-11 , 08:39:45.671876800
Book: The Two Towers, J. R. R. Tolkien, 1954-11-11 , f2a3a8a0-7fe8-4000-bf47-2ceea0763b9f
Book created: 2023-02-11 , 08:39:45.673089500
Book: The Return of the King, J. R. R. Tolkien, 1955-10-20 , 3e177ef4-d8f9-41a5-ab67-b957fa6abcd2
Book created: 2023-02-11 , 08:39:45.676692600
Book: Oh, the Places You'll Go!, Dr. Seuss, 1990-01-22 , 3ba9d7bc-19e5-45f5-b72f-825ac3788c93
Book created: 2023-02-11 , 08:39:45.676927100
Book: The Fellowship of the Ring, J. R. R. Tolkien, 1954-07-29 , cd86ddff-07e8-42ef-b63e-a7c8f19f1673
Book created: 2023-02-11 , 08:39:45.677179400
Book: The Two Towers, J. R. R. Tolkien, 1954-11-11 , 9659a698-3914-4fc7-be03-abc3c20237e1
Book created: 2023-02-11 , 08:39:45.677582200
Book: The Return of the King, J. R. R. Tolkien, 1955-10-20 , 4cb4b47f-2e2c-430c-9ce1-f61c02db43b2
Book created: 2023-02-11 , 08:39:45.678687900
Book: The Hunger Games, Suzanne Collins, 2008-09-14 , 1a3b037c-87d9-4c24-ac3b-f7f514a458b9
Book created: 2023-02-11 , 08:39:45.679974200
Book: Piranesi, Susanna Clarke, 2020-09-15 , 86f2bee8-8479-4acc-a83e-866a066ab0f7
Book created: 2023-02-11 , 08:39:45.681186
Book: Once Upon an Algorithm, Martin Erwig, 2017-08-11 , 05d28d9a-601c-47a8-81de-99e42b11ba7c
Book created: 2023-02-11 , 08:39:45.689746600
Book: Raising Steam, Terry Pratchett, 2013-11-07 , 9d2290ed-747e-4114-aa76-62cdf9922952
Book created: 2023-02-11 , 08:39:45.689746600
Book: Making Money, Terry Pratchett, 2007-09-18 , 1a197b18-9aed-4b3b-a509-e01a37680ff5
Book created: 2023-02-11 , 08:39:45.690304800
Book: Going Postal, Terry Pratchett, 2004-09-25 , e1394f9d-fae2-4a73-9c84-ab3ec67eef6a
Book created: 2023-02-11 , 08:39:45.690807300
Book: Exhalation, Ted Chiang, 2008-11-15 , 5c3befdf-0e49-4f44-8e29-1ae09dc3ccaf
Book created: 2023-02-11 , 08:39:45.690896200
Book: Jurassic Park, Michael Crichton, 1990-11-20 , cdc8e91b-208b-4e3f-ba43-a336197a8e78
Book created: 2023-02-11 , 08:39:45.691483700
Book: Good Omens: The Nice and Accurate Prophecies of Agnes Nutter, Witch, Terry Pratchett & Neil Gaiman, 1990-05-01 , aea4c3d0-4321-4973-a9b9-c41d1de3eedc
Book created: 2023-02-11 , 08:39:45.691984
Book: The Hitchhiker's Guide to the Galaxy, Douglas Adams, 1979-10-12 , ec766e22-e569-4bcc-8c33-47e5a1bdf7f8
Book created: 2023-02-11 , 08:39:45.692781200
Book: The Two Towers, J. R. R. Tolkien, 1954-11-11 , 6228f901-98fa-4d1b-9562-223a92b248c2
Book created: 2023-02-11 , 08:39:45.693213800
Book: The Fellowship of the Ring, J. R. R. Tolkien, 1954-07-29 , de0d99b2-9484-4e6d-ae81-b97322d43b48
Book created: 2023-02-11 , 08:39:45.693513500
Book: The Return of the King, J. R. R. Tolkien, 1955-10-20 , d290a34a-a1b1-4982-a66b-a174a1231e98
Book created: 2023-02-11 , 08:39:45.693723200
Book: Animal Farm, George Orwell, 1945-08-17 , bf93bb36-2f5b-4e05-b6dc-f19d4885430f
Book created: 2023-02-11 , 08:39:45.693723200
Book: Racing the Beam, Nick Montfort and Ian Bogost, 2009-03-01 , 5f72e207-1bd5-4736-a064-5f10f35abe32
Book created: 2023-02-11 , 08:39:45.694556300
Book: Programming for the Puzzled, Srini Devadas, 2017-11-09 , 6f09f3d6-72cc-4d6c-95c5-c0ed84b73e91
Book created: 2023-02-11 , 08:39:45.694920600
Book: Once Upon an Algorithm, Martin Erwig, 2017-08-11 , 86478bc0-2b9e-4136-8ac4-4b5afe0a6b64
Book created: 2023-02-11 , 08:39:45.695547200
Book: The Moon is a Harsh Mistress, Robert A. Heinlein, 1966-06-02 , e78113c6-4afb-46c1-bee1-88618e63adf9
Book created: 2023-02-11 , 08:39:45.695849300
Book: Stranger in a Strange Land, Robert A. Heinlein, 1961-06-01 , 0c1536e3-c852-40ea-bee3-e59c20c6aa74
