Tool created: 2023-02-11 , 08:26:15.414077900
Tool: socket wrench, Craftsman, 1 , 250e2fc3-2ec3-4225-bf00-4b9609612f50
Tool created: 2023-02-11 , 08:26:15.424614500
Tool: socket wrench, DeWalt, 2 , f2ecaa55-8821-4ea1-a8d3-f11c6e03e9cb
Tool created: 2023-02-11 , 08:26:15.431058300
Tool: power drill, DeWalt, 2 , 2166b4d2-94d3-4f62-97ff-b834dee6f6b4
Tool created: 2023-02-11 , 08:26:15.432101600
Tool: hand saw, Craftsman, 1 , 49a6cdf5-0f42-4b4e-9897-37bb66a56709
Tool created: 2023-02-11 , 08:26:15.432101600
Tool: hammer, Craftsman, 1 , 3522ccba-a8c9-4d31-a214-b55b2a414a10
Tool created: 2023-02-11 , 08:26:15.432925300
Tool: stapler, DeWalt, 2 , 65ce5e63-85a1-4002-81e2-235d9053756a
Tool created: 2023-02-11 , 08:26:15.443960900
Tool: power drill, DeWalt, 1 , fed2ea0a-88d9-4b4f-a192-86a47dc45f17
Tool created: 2023-02-11 , 08:26:15.443960900
Tool: socket wrench, DeWalt, 3 , 79fd0b88-3323-4566-9040-03290a457399
Tool created: 2023-02-11 , 08:26:15.450830800
Tool: stapler, Swingline, 2 , de1c2153-e009-4b33-aaf5-e9ff942e5efe
Tool created: 2023-02-11 , 08:26:15.454013800
Tool: hand saw, Craftsman, 1 , 37f0be83-e43e-446b-94a4-5d8d40120b3b
Tool created: 2023-02-11 , 08:26:15.455694900
Tool: hammer, Craftsman, 1 , c88ed710-08c1-42d5-b1a2-321b79cdce30
Tool created: 2023-02-11 , 08:26:15.457512500
Tool: hammer, Craftsman, 1 , 6bbbdf73-36d5-44b4-b0c3-b33e094546fc
Tool created: 2023-02-11 , 08:26:15.462769600
Tool: hand saw, Craftsman, 1 , 0b9809f4-55ca-4bcf-9d5a-97c5840a6ccd
Tool created: 2023-02-11 , 08:26:15.463701900
Tool: socket wrench, DeWalt, 1 , 6a7f24b6-e255-454e-8880-51f47edb4150
Tool created: 2023-02-11 , 08:26:15.465088100
Tool: pry bar, Stanley, 2 , dc8fb68f-1ac9-436d-ade9-48a45a441afd
Tool created: 2023-02-11 , 08:26:15.466343100
Tool: hammer, Vaughan, 2 , 06fb89c9-bc6d-4bf1-9f5c-07b4d22fedc3
Tool created: 2023-02-11 , 08:26:15.466849600
Tool: hammer, Craftsman, 1 , a51e2b83-ccd4-476f-8edd-e37437663e53
Tool created: 2023-02-11 , 08:26:15.467269500
Tool: hand saw, Stanley, 3 , b3ae9ef3-e025-4248-94aa-df9304ee5a06
Tool created: 2023-02-11 , 08:26:15.469126900
Tool: power drill, Milwaukee, 2 , b6896af6-9a86-4281-89ab-643a3895ff62
Tool created: 2023-02-11 , 08:26:15.469126900
Tool: stapler, DeWalt, 2 , 1f5f94ff-e19f-4e99-a9fb-62c687ddb13f
Tool created: 2023-02-11 , 08:26:15.469126900
Tool: socket wrench, DeWalt, 2 , be46c2af-b473-4605-9b43-fd5c0c90f4e9
Tool created: 2023-02-11 , 08:31:29.377523300
Tool: socket wrench, Craftsman, 1 , 75bd3de8-a846-4d04-a0a1-d9764ea277a9
Tool created: 2023-02-11 , 08:31:29.393840600
Tool: socket wrench, DeWalt, 2 , fe650105-d770-493c-bde9-f0af18cd92ec
Tool created: 2023-02-11 , 08:31:29.400978800
Tool: power drill, DeWalt, 2 , e9136e7f-3745-4a47-9cab-077b61beb9c1
Tool created: 2023-02-11 , 08:31:29.402766400
Tool: hand saw, Craftsman, 1 , fda8a841-b651-4417-b90f-63d21e19b27f
Tool created: 2023-02-11 , 08:31:29.404987500
Tool: hammer, Craftsman, 1 , 90862e55-3a45-4b84-9fef-961475c0b78b
Tool created: 2023-02-11 , 08:31:29.408033500
Tool: stapler, DeWalt, 2 , 2d1f86ff-b7e1-4139-983e-8b5e2dee668d
Tool created: 2023-02-11 , 08:31:29.423399900
Tool: power drill, DeWalt, 1 , e76f88dd-68bf-42f9-8301-7ccec638d7bf
Tool created: 2023-02-11 , 08:31:29.423788400
Tool: socket wrench, DeWalt, 3 , 12c6236f-292e-43ef-9cc8-ee66eae896f6
Tool created: 2023-02-11 , 08:31:29.429280900
Tool: stapler, Swingline, 2 , 5c5de50c-3fdf-4111-b5df-3a7eb22cc81a
Tool created: 2023-02-11 , 08:31:29.432461800
Tool: hand saw, Craftsman, 1 , e808f5f5-052e-41fc-80ee-9e4f70ac74c4
Tool created: 2023-02-11 , 08:31:29.435443100
Tool: hammer, Craftsman, 1 , c1baacd4-1fc2-43de-bd94-6c4732d49bfe
Tool created: 2023-02-11 , 08:31:29.440806600
Tool: hammer, Craftsman, 1 , c79a0577-c5a7-41eb-844f-e475059c17f5
Tool created: 2023-02-11 , 08:31:29.446508
Tool: hand saw, Craftsman, 1 , ec1cad63-91f8-467d-a6bd-90ca90735aa8
Tool created: 2023-02-11 , 08:31:29.447315300
Tool: socket wrench, DeWalt, 1 , e6c90a3d-a1ad-455e-8318-01c10ae9e75a
Tool created: 2023-02-11 , 08:31:29.449764100
Tool: pry bar, Stanley, 2 , 843291ec-f5a7-48e4-81f5-535ec1add68a
Tool created: 2023-02-11 , 08:31:29.454785300
Tool: hammer, Vaughan, 2 , b7f54cdc-dfbd-4a67-b248-3a033d978a84
Tool created: 2023-02-11 , 08:31:29.454933
Tool: hammer, Craftsman, 1 , 18588e02-41bc-4739-8a38-267315074047
Tool created: 2023-02-11 , 08:31:29.456135100
Tool: hand saw, Stanley, 3 , a42def5c-b004-44e0-9e34-c9fdd19067c1
Tool created: 2023-02-11 , 08:31:29.457611300
Tool: power drill, Milwaukee, 2 , f9064627-c321-4331-8be9-d116745c3951
Tool created: 2023-02-11 , 08:31:29.458111100
Tool: stapler, DeWalt, 2 , b1fe39e2-0a08-413e-9768-a31d0777b831
Tool created: 2023-02-11 , 08:31:29.458246800
Tool: socket wrench, DeWalt, 2 , f222e4ed-693b-48c1-a0b5-2e74b32ddac7
Tool created: 2023-02-11 , 08:33:58.866226400
Tool: socket wrench, Craftsman, 1 , e5f48f10-986d-4862-bf64-409c2e1158d8
Tool created: 2023-02-11 , 08:33:58.876960300
Tool: socket wrench, DeWalt, 2 , aff5db9e-6209-4ec1-a66e-7543f0a6eb8c
Tool created: 2023-02-11 , 08:33:58.882662200
Tool: power drill, DeWalt, 2 , cddcf3dc-9f70-48fc-a67d-e11e6577f943
Tool created: 2023-02-11 , 08:33:58.883601
Tool: hand saw, Craftsman, 1 , 2d8899e1-b529-443f-969f-68d48b1001c2
Tool created: 2023-02-11 , 08:33:58.883897
Tool: hammer, Craftsman, 1 , 19029969-9362-488e-9747-b227941666e9
Tool created: 2023-02-11 , 08:33:58.883897
Tool: stapler, DeWalt, 2 , f53de7a6-81ba-46db-ae88-082c8a53fd47
Tool created: 2023-02-11 , 08:33:58.905514500
Tool: power drill, DeWalt, 1 , 7d8fc4f7-8f76-4108-b969-eac2537acab5
Tool created: 2023-02-11 , 08:33:58.905514500
Tool: socket wrench, DeWalt, 3 , 253d0006-385a-4957-8ec0-fa12b05140ed
Tool created: 2023-02-11 , 08:33:58.910690
Tool: stapler, Swingline, 2 , b45ea055-06ed-4d57-af94-9fa1887429bc
Tool created: 2023-02-11 , 08:33:58.913383900
Tool: hand saw, Craftsman, 1 , 18562827-ae1e-4c80-95b5-94045e49ae92
Tool created: 2023-02-11 , 08:33:58.915877300
Tool: hammer, Craftsman, 1 , 7d72d71f-1edb-4222-a684-f406f42ee325
Tool created: 2023-02-11 , 08:33:58.919671400
Tool: hammer, Craftsman, 1 , ef53268e-6830-4e9f-9c1c-960ebfe13646
Tool created: 2023-02-11 , 08:33:58.926168600
Tool: hand saw, Craftsman, 1 , 9841aef3-3db7-450b-bd7f-0239076f6e07
Tool created: 2023-02-11 , 08:33:58.926802500
Tool: socket wrench, DeWalt, 1 , bd98a105-0f04-4fc8-886a-4bb696ef4f93
Tool created: 2023-02-11 , 08:33:58.928952300
Tool: pry bar, Stanley, 2 , 351d6dbb-510b-43b5-91df-78817742609a
Tool created: 2023-02-11 , 08:33:58.930518
Tool: hammer, Vaughan, 2 , 52b37426-697d-44da-a4b4-0d1ed02b951d
Tool created: 2023-02-11 , 08:33:58.930518
Tool: hammer, Craftsman, 1 , bca068fb-5a66-4988-b98c-6de746d550a1
Tool created: 2023-02-11 , 08:33:58.931348100
Tool: hand saw, Stanley, 3 , fdfce2fd-3bcb-48c3-be19-4681fc905938
Tool created: 2023-02-11 , 08:33:58.933427400
Tool: power drill, Milwaukee, 2 , 4703f46c-f905-4892-9aa8-3866bafd14e5
Tool created: 2023-02-11 , 08:33:58.934435800
Tool: stapler, DeWalt, 2 , 94f5ce09-cffa-4d9b-9d5d-e0f4da445e44
Tool created: 2023-02-11 , 08:33:58.934858700
Tool: socket wrench, DeWalt, 2 , fbc6556e-877f-40d3-80f2-eac768fceddc
Tool created: 2023-02-11 , 08:37:55.314231800
Tool: socket wrench, Craftsman, 1 , 9af9bfdc-92be-46d3-937c-9f1e672e5f8a
Tool created: 2023-02-11 , 08:37:55.324949500
Tool: socket wrench, DeWalt, 2 , 520c4cda-aa50-41a4-a40b-f9c527e8e51c
Tool created: 2023-02-11 , 08:37:55.332905200
Tool: power drill, DeWalt, 2 , eace7763-a69f-45ea-88e1-53133bd0b7f5
Tool created: 2023-02-11 , 08:37:55.333682600
Tool: hand saw, Craftsman, 1 , fcd6a264-594b-4381-90df-95d02506eaee
Tool created: 2023-02-11 , 08:37:55.333682600
Tool: hammer, Craftsman, 1 , fdee00bc-ebbf-4157-8277-fbeaba9f49f0
Tool created: 2023-02-11 , 08:37:55.333682600
Tool: stapler, DeWalt, 2 , 26babe55-c002-4a87-a7a5-582cb1751b0a
Tool created: 2023-02-11 , 08:37:55.350039900
Tool: power drill, DeWalt, 1 , fccc3aab-ab61-478c-9d74-332ce1a69cfa
Tool created: 2023-02-11 , 08:37:55.350039900
Tool: socket wrench, DeWalt, 3 , f4f329ce-f1e5-4306-9212-3daaef3a8ada
Tool created: 2023-02-11 , 08:37:55.356409400
Tool: stapler, Swingline, 2 , 90c6e17e-e73e-4133-a99d-ad0b08c29f98
Tool created: 2023-02-11 , 08:37:55.360571800
Tool: hand saw, Craftsman, 1 , acd750b7-58fe-4673-a8ac-da169ec710ef
Tool created: 2023-02-11 , 08:37:55.362495900
Tool: hammer, Craftsman, 1 , 7a74d734-6bed-441b-8efc-1a8a8088682c
Tool created: 2023-02-11 , 08:37:55.365460900
Tool: hammer, Craftsman, 1 , b901b6c9-cfbb-43d6-ba6b-636c895a2e7e
Tool created: 2023-02-11 , 08:37:55.372116600
Tool: hand saw, Craftsman, 1 , 96807f62-febd-458c-989d-f51e06aa6ef2
Tool created: 2023-02-11 , 08:37:55.373028200
Tool: socket wrench, DeWalt, 1 , 254225ac-014b-4aff-b8a0-be219c035c3e
Tool created: 2023-02-11 , 08:37:55.375048300
Tool: pry bar, Stanley, 2 , e12ff601-bdf5-4974-8771-c0b6cacea7e1
Tool created: 2023-02-11 , 08:37:55.376892600
Tool: hammer, Vaughan, 2 , 62d13c97-74b6-4b0d-b5e4-8f31ff241b98
Tool created: 2023-02-11 , 08:37:55.376892600
Tool: hammer, Craftsman, 1 , 94864449-dbab-4680-beba-ca978171adfa
Tool created: 2023-02-11 , 08:37:55.377753500
Tool: hand saw, Stanley, 3 , b949d7a8-43fa-44f2-864e-5c838e102141
Tool created: 2023-02-11 , 08:37:55.379020
Tool: power drill, Milwaukee, 2 , cb18500c-3888-4725-bc9e-f6963b092747
Tool created: 2023-02-11 , 08:37:55.379216500
Tool: stapler, DeWalt, 2 , 3a38adb0-99ec-445a-8f88-90ed157b612a
Tool created: 2023-02-11 , 08:37:55.379216500
Tool: socket wrench, DeWalt, 2 , a07711e0-85b0-4483-92f1-aa8730d84be6
Tool created: 2023-02-11 , 08:39:45.624434300
Tool: socket wrench, Craftsman, 1 , 830f7eb8-9e26-4331-b451-c218d6880efe
Tool created: 2023-02-11 , 08:39:45.634832100
Tool: socket wrench, DeWalt, 2 , a2aa4cd7-4b04-42c7-b84d-e7e7ed72057a
Tool created: 2023-02-11 , 08:39:45.640799200
Tool: power drill, DeWalt, 2 , b81c057d-27cf-42fe-a44a-8d572c0c143c
Tool created: 2023-02-11 , 08:39:45.641828900
Tool: hand saw, Craftsman, 1 , 99963fb3-f6f5-40cb-ba9b-4c8351828ced
Tool created: 2023-02-11 , 08:39:45.642141400
Tool: hammer, Craftsman, 1 , d99739f7-a9b3-42d7-92cc-0ba4018b0dbb
Tool created: 2023-02-11 , 08:39:45.642394800
Tool: stapler, DeWalt, 2 , 4ac78c99-8d06-4b70-be40-7d9cd6b60a3e
Tool created: 2023-02-11 , 08:39:45.659778
Tool: power drill, DeWalt, 1 , 293a21cd-8b2e-4758-9b8a-a357f67919ec
Tool created: 2023-02-11 , 08:39:45.660015800
Tool: socket wrench, DeWalt, 3 , e7a0e7e9-c1dd-461c-8f43-56aead8e8584
Tool created: 2023-02-11 , 08:39:45.666013700
Tool: stapler, Swingline, 2 , ceba5cae-f535-40ec-9c94-06a71e28606f
Tool created: 2023-02-11 , 08:39:45.669775
Tool: hand saw, Craftsman, 1 , 9a98b3a7-581f-40b5-b825-fc42022fbefc
Tool created: 2023-02-11 , 08:39:45.671876800
Tool: hammer, Craftsman, 1 , e6c3de4f-1d05-4292-b0ee-6fea6b57e505
Tool created: 2023-02-11 , 08:39:45.675148200
Tool: hammer, Craftsman, 1 , 5421d369-eb30-477d-8538-08f83b7b675b
Tool created: 2023-02-11 , 08:39:45.680914300
Tool: hand saw, Craftsman, 1 , 41c100cd-c24d-46d1-a990-3b218b35d335
Tool created: 2023-02-11 , 08:39:45.681186
Tool: socket wrench, DeWalt, 1 , bccf06ae-e379-4b52-a77e-e72f35970629
Tool created: 2023-02-11 , 08:39:45.683379400
Tool: pry bar, Stanley, 2 , 4c4bd088-f245-40d9-a1ea-fe5720db8558
Tool created: 2023-02-11 , 08:39:45.684828700
Tool: hammer, Vaughan, 2 , 2a977e59-534c-40bf-8465-4bee72bb4a7b
Tool created: 2023-02-11 , 08:39:45.685144300
Tool: hammer, Craftsman, 1 , 0d759cd4-019a-4f90-ae4a-dd27f9122f5d
Tool created: 2023-02-11 , 08:39:45.685684700
Tool: hand saw, Stanley, 3 , cd2a9b8f-6d17-4ebe-9032-cb87d077f469
Tool created: 2023-02-11 , 08:39:45.687033600
Tool: power drill, Milwaukee, 2 , d3bdfee8-31fb-4d27-a2af-c1f83aefd13a
Tool created: 2023-02-11 , 08:39:45.687278400
Tool: stapler, DeWalt, 2 , 5424e22c-1d13-4351-af62-156038d06f15
Tool created: 2023-02-11 , 08:39:45.687492400
Tool: socket wrench, DeWalt, 2 , 114eacac-1033-4450-8872-0ccc655c6f96
